<?xml version="1.0" encoding="UTF-8"?>
<robot generator="Robot 6.0.2 (Python 3.9.13 on win32)" generated="20230212 15:40:24.740" rpa="false" schemaversion="3">
<suite id="s1" name="QA RobotFramework DareIT" source="C:\Users\elnik\Documents\Projects\QA_RobotFramework_DareIT">
<suite id="s1-s1" name="Tests Robotframework" source="C:\Users\elnik\Documents\Projects\QA_RobotFramework_DareIT\tests_robotframework">
<suite id="s1-s1-s1" name="Test Add Player" source="C:\Users\elnik\Documents\Projects\QA_RobotFramework_DareIT\tests_robotframework\test_add_player.robot">
<test id="s1-s1-s1-t1" name="Add Player" line="37">
<kw name="Open login page">
<kw name="Open Browser" library="SeleniumLibrary">
<arg>${LOGIN URL}</arg>
<arg>${BROWSER}</arg>
<doc>Opens a new browser instance to the optional ``url``.</doc>
<msg timestamp="20230212 15:40:24.959" level="INFO">Opening browser 'Chrome' to base url 'https://scouts-test.futbolkolektyw.pl/en'.</msg>
<status status="PASS" starttime="20230212 15:40:24.959" endtime="20230212 15:40:26.737"/>
</kw>
<kw name="Title Should Be" library="SeleniumLibrary">
<arg>Scouts panel - sign in</arg>
<doc>Verifies that the current page title equals ``title``.</doc>
<msg timestamp="20230212 15:40:26.744" level="INFO">Page title is 'Scouts panel - sign in'.</msg>
<status status="PASS" starttime="20230212 15:40:26.738" endtime="20230212 15:40:26.744"/>
</kw>
<status status="PASS" starttime="20230212 15:40:24.958" endtime="20230212 15:40:26.744"/>
</kw>
<kw name="Type in email">
<kw name="Input Text" library="SeleniumLibrary">
<arg>${EMAILINPUT}</arg>
<arg>user01@getnada.com</arg>
<doc>Types the given ``text`` into the text field identified by ``locator``.</doc>
<msg timestamp="20230212 15:40:26.745" level="INFO">Typing text 'user01@getnada.com' into text field 'xpath=//*[@id='login']'.</msg>
<status status="PASS" starttime="20230212 15:40:26.744" endtime="20230212 15:40:26.880"/>
</kw>
<status status="PASS" starttime="20230212 15:40:26.744" endtime="20230212 15:40:26.880"/>
</kw>
<kw name="Type in password">
<kw name="Input Text" library="SeleniumLibrary">
<arg>${PASSWORDINPUT}</arg>
<arg>Test-1234</arg>
<doc>Types the given ``text`` into the text field identified by ``locator``.</doc>
<msg timestamp="20230212 15:40:26.882" level="INFO">Typing text 'Test-1234' into text field 'xpath=//*[@id='password']'.</msg>
<status status="PASS" starttime="20230212 15:40:26.881" endtime="20230212 15:40:26.987"/>
</kw>
<status status="PASS" starttime="20230212 15:40:26.881" endtime="20230212 15:40:26.987"/>
</kw>
<kw name="Click on the sign in button">
<kw name="Click Element" library="SeleniumLibrary">
<arg>${SIGNINBUTTON}</arg>
<doc>Click the element identified by ``locator``.</doc>
<msg timestamp="20230212 15:40:26.989" level="INFO">Clicking element 'xpath=//*[contains(@class, 'MuiButtonBase-root MuiButton-root')]'.</msg>
<status status="PASS" starttime="20230212 15:40:26.988" endtime="20230212 15:40:27.035"/>
</kw>
<status status="PASS" starttime="20230212 15:40:26.988" endtime="20230212 15:40:27.036"/>
</kw>
<kw name="Assert dashboard">
<kw name="Wait Until Element Is Visible" library="SeleniumLibrary">
<arg>${MAINPAGELOGO}</arg>
<doc>Waits until the element ``locator`` is visible.</doc>
<status status="PASS" starttime="20230212 15:40:27.036" endtime="20230212 15:40:28.899"/>
</kw>
<kw name="Title Should Be" library="SeleniumLibrary">
<arg>Scouts panel</arg>
<doc>Verifies that the current page title equals ``title``.</doc>
<msg timestamp="20230212 15:40:28.904" level="INFO">Page title is 'Scouts panel'.</msg>
<status status="PASS" starttime="20230212 15:40:28.899" endtime="20230212 15:40:28.904"/>
</kw>
<kw name="Capture Page Screenshot" library="SeleniumLibrary">
<arg>alert.png</arg>
<doc>Takes a screenshot of the current page and embeds it into a log file.</doc>
<msg timestamp="20230212 15:40:29.025" level="INFO" html="true">&lt;/td&gt;&lt;/tr&gt;&lt;tr&gt;&lt;td colspan="3"&gt;&lt;a href="alert.png"&gt;&lt;img src="alert.png" width="800px"&gt;&lt;/a&gt;</msg>
<status status="PASS" starttime="20230212 15:40:28.904" endtime="20230212 15:40:29.025"/>
</kw>
<status status="PASS" starttime="20230212 15:40:27.036" endtime="20230212 15:40:29.025"/>
</kw>
<kw name="Click on Add Player button">
<kw name="Click Element" library="SeleniumLibrary">
<arg>${ADDPLAYERSHORTCUT}</arg>
<doc>Click the element identified by ``locator``.</doc>
<msg timestamp="20230212 15:40:29.026" level="INFO">Clicking element 'xpath=//*[@id="__next"]/div[1]/main/div[3]/div[2]/div/div/a/button'.</msg>
<status status="PASS" starttime="20230212 15:40:29.026" endtime="20230212 15:40:29.069"/>
</kw>
<status status="PASS" starttime="20230212 15:40:29.026" endtime="20230212 15:40:29.069"/>
</kw>
<kw name="Assert Add Player">
<kw name="Wait Until Element Is Visible" library="SeleniumLibrary">
<arg>${ADDPLAYERTITLE}</arg>
<doc>Waits until the element ``locator`` is visible.</doc>
<status status="PASS" starttime="20230212 15:40:29.070" endtime="20230212 15:40:30.043"/>
</kw>
<kw name="Title Should Be" library="SeleniumLibrary">
<arg>Add player</arg>
<doc>Verifies that the current page title equals ``title``.</doc>
<msg timestamp="20230212 15:40:30.056" level="INFO">Page title is 'Add player'.</msg>
<status status="PASS" starttime="20230212 15:40:30.043" endtime="20230212 15:40:30.056"/>
</kw>
<kw name="Capture Page Screenshot" library="SeleniumLibrary">
<arg>alert.png</arg>
<doc>Takes a screenshot of the current page and embeds it into a log file.</doc>
<msg timestamp="20230212 15:40:30.154" level="INFO" html="true">&lt;/td&gt;&lt;/tr&gt;&lt;tr&gt;&lt;td colspan="3"&gt;&lt;a href="alert.png"&gt;&lt;img src="alert.png" width="800px"&gt;&lt;/a&gt;</msg>
<status status="PASS" starttime="20230212 15:40:30.056" endtime="20230212 15:40:30.154"/>
</kw>
<status status="PASS" starttime="20230212 15:40:29.070" endtime="20230212 15:40:30.154"/>
</kw>
<kw name="Type in email field">
<kw name="Input Text" library="SeleniumLibrary">
<arg>${EMAILFIELD}</arg>
<arg>cat_lover@gmail.com</arg>
<doc>Types the given ``text`` into the text field identified by ``locator``.</doc>
<msg timestamp="20230212 15:40:30.155" level="INFO">Typing text 'cat_lover@gmail.com' into text field 'xpath=//input[@name="email"]'.</msg>
<status status="PASS" starttime="20230212 15:40:30.155" endtime="20230212 15:40:30.283"/>
</kw>
<status status="PASS" starttime="20230212 15:40:30.155" endtime="20230212 15:40:30.283"/>
</kw>
<kw name="Type in phone">
<kw name="Input Text" library="SeleniumLibrary">
<arg>${PHONEFIELD}</arg>
<arg>+48884404404</arg>
<doc>Types the given ``text`` into the text field identified by ``locator``.</doc>
<msg timestamp="20230212 15:40:30.285" level="INFO">Typing text '+48884404404' into text field 'xpath=//input[@name="phone"]'.</msg>
<status status="PASS" starttime="20230212 15:40:30.284" endtime="20230212 15:40:30.396"/>
</kw>
<status status="PASS" starttime="20230212 15:40:30.284" endtime="20230212 15:40:30.396"/>
</kw>
<kw name="Type in age">
<kw name="Input Text" library="SeleniumLibrary">
<arg>${AGEFIELD}</arg>
<arg>05.02.2023</arg>
<doc>Types the given ``text`` into the text field identified by ``locator``.</doc>
<msg timestamp="20230212 15:40:30.397" level="INFO">Typing text '05.02.2023' into text field 'xpath=//input[@name="age"]'.</msg>
<status status="PASS" starttime="20230212 15:40:30.397" endtime="20230212 15:40:30.484"/>
</kw>
<status status="PASS" starttime="20230212 15:40:30.397" endtime="20230212 15:40:30.484"/>
</kw>
<kw name="Type in level">
<kw name="Input Text" library="SeleniumLibrary">
<arg>${LEVELFIELD}</arg>
<arg>Professional</arg>
<doc>Types the given ``text`` into the text field identified by ``locator``.</doc>
<msg timestamp="20230212 15:40:30.485" level="INFO">Typing text 'Professional' into text field 'xpath=//input[@name="level"]'.</msg>
<status status="PASS" starttime="20230212 15:40:30.484" endtime="20230212 15:40:30.591"/>
</kw>
<status status="PASS" starttime="20230212 15:40:30.484" endtime="20230212 15:40:30.591"/>
</kw>
<kw name="Type in district">
<kw name="Click Element" library="SeleniumLibrary">
<arg>${DISTRICTFIELD}</arg>
<doc>Click the element identified by ``locator``.</doc>
<msg timestamp="20230212 15:40:30.592" level="INFO">Clicking element 'xpath=//*[@id="mui-component-select-district"]'.</msg>
<status status="PASS" starttime="20230212 15:40:30.592" endtime="20230212 15:40:30.651"/>
</kw>
<kw name="Click Element" library="SeleniumLibrary">
<arg>${DISTRICTCHOOSE}</arg>
<doc>Click the element identified by ``locator``.</doc>
<msg timestamp="20230212 15:40:30.652" level="INFO">Clicking element 'xpath=//*[text()="Masovia"]'.</msg>
<status status="PASS" starttime="20230212 15:40:30.651" endtime="20230212 15:40:30.711"/>
</kw>
<status status="PASS" starttime="20230212 15:40:30.592" endtime="20230212 15:40:30.711"/>
</kw>
<kw name="Type in name">
<kw name="Input Text" library="SeleniumLibrary">
<arg>${NAMEFIELD}</arg>
<arg>Catt</arg>
<doc>Types the given ``text`` into the text field identified by ``locator``.</doc>
<msg timestamp="20230212 15:40:30.712" level="INFO">Typing text 'Catt' into text field 'xpath=//input[@name="name"]'.</msg>
<status status="PASS" starttime="20230212 15:40:30.711" endtime="20230212 15:40:30.804"/>
</kw>
<status status="PASS" starttime="20230212 15:40:30.711" endtime="20230212 15:40:30.805"/>
</kw>
<kw name="Type in weight">
<kw name="Input Text" library="SeleniumLibrary">
<arg>${WEIGHTFIELD}</arg>
<arg>70</arg>
<doc>Types the given ``text`` into the text field identified by ``locator``.</doc>
<msg timestamp="20230212 15:40:30.806" level="INFO">Typing text '70' into text field 'xpath=//input[@name="weight"]'.</msg>
<status status="PASS" starttime="20230212 15:40:30.805" endtime="20230212 15:40:30.884"/>
</kw>
<status status="PASS" starttime="20230212 15:40:30.805" endtime="20230212 15:40:30.884"/>
</kw>
<kw name="Type in leg">
<kw name="Click Element" library="SeleniumLibrary">
<arg>${LEGFIELD}</arg>
<doc>Click the element identified by ``locator``.</doc>
<msg timestamp="20230212 15:40:30.885" level="INFO">Clicking element 'xpath=//*[@id="mui-component-select-leg"]'.</msg>
<status status="PASS" starttime="20230212 15:40:30.885" endtime="20230212 15:40:31.128"/>
</kw>
<kw name="Click Element" library="SeleniumLibrary">
<arg>${LEGCHOOSE}</arg>
<doc>Click the element identified by ``locator``.</doc>
<msg timestamp="20230212 15:40:31.128" level="INFO">Clicking element 'xpath=//*[@id="menu-leg"]/div[3]/ul/li[2]'.</msg>
<status status="PASS" starttime="20230212 15:40:31.128" endtime="20230212 15:40:31.177"/>
</kw>
<status status="PASS" starttime="20230212 15:40:30.884" endtime="20230212 15:40:31.177"/>
</kw>
<kw name="Type in main position">
<kw name="Input Text" library="SeleniumLibrary">
<arg>${MAINPOSITIONFIELD}</arg>
<arg>Quarterback</arg>
<doc>Types the given ``text`` into the text field identified by ``locator``.</doc>
<msg timestamp="20230212 15:40:31.179" level="INFO">Typing text 'Quarterback' into text field 'xpath=//input[@name="mainPosition"]'.</msg>
<status status="PASS" starttime="20230212 15:40:31.179" endtime="20230212 15:40:31.287"/>
</kw>
<status status="PASS" starttime="20230212 15:40:31.178" endtime="20230212 15:40:31.287"/>
</kw>
<kw name="Type in achievement">
<kw name="Input Text" library="SeleniumLibrary">
<arg>${ACHIEVEMENTSFIELD}</arg>
<arg>Grammy</arg>
<doc>Types the given ``text`` into the text field identified by ``locator``.</doc>
<msg timestamp="20230212 15:40:31.289" level="INFO">Typing text 'Grammy' into text field 'xpath=//input[@name="achievements"]'.</msg>
<status status="PASS" starttime="20230212 15:40:31.288" endtime="20230212 15:40:31.380"/>
</kw>
<status status="PASS" starttime="20230212 15:40:31.288" endtime="20230212 15:40:31.380"/>
</kw>
<kw name="Type in surname">
<kw name="Input Text" library="SeleniumLibrary">
<arg>${SURNAMEFIELD}</arg>
<arg>Paw</arg>
<doc>Types the given ``text`` into the text field identified by ``locator``.</doc>
<msg timestamp="20230212 15:40:31.382" level="INFO">Typing text 'Paw' into text field 'xpath=//input[@name="surname"]'.</msg>
<status status="PASS" starttime="20230212 15:40:31.381" endtime="20230212 15:40:31.467"/>
</kw>
<status status="PASS" starttime="20230212 15:40:31.381" endtime="20230212 15:40:31.467"/>
</kw>
<kw name="Type in height">
<kw name="Input Text" library="SeleniumLibrary">
<arg>${HEIGHTFIELD}</arg>
<arg>170</arg>
<doc>Types the given ``text`` into the text field identified by ``locator``.</doc>
<msg timestamp="20230212 15:40:31.469" level="INFO">Typing text '170' into text field 'xpath=//input[@name="height"]'.</msg>
<status status="PASS" starttime="20230212 15:40:31.468" endtime="20230212 15:40:31.558"/>
</kw>
<status status="PASS" starttime="20230212 15:40:31.468" endtime="20230212 15:40:31.559"/>
</kw>
<kw name="Type in club">
<kw name="Input Text" library="SeleniumLibrary">
<arg>${CLUBFIELD}</arg>
<arg>Real Madrid</arg>
<doc>Types the given ``text`` into the text field identified by ``locator``.</doc>
<msg timestamp="20230212 15:40:31.560" level="INFO">Typing text 'Real Madrid' into text field 'xpath=//input[@name="club"]'.</msg>
<status status="PASS" starttime="20230212 15:40:31.559" endtime="20230212 15:40:31.659"/>
</kw>
<status status="PASS" starttime="20230212 15:40:31.559" endtime="20230212 15:40:31.659"/>
</kw>
<kw name="Type in second position">
<kw name="Input Text" library="SeleniumLibrary">
<arg>${SECONDPOSITIONFIELD}</arg>
<arg>Goalkeeper</arg>
<doc>Types the given ``text`` into the text field identified by ``locator``.</doc>
<msg timestamp="20230212 15:40:31.660" level="INFO">Typing text 'Goalkeeper' into text field 'xpath=//input[@name="secondPosition"]'.</msg>
<status status="PASS" starttime="20230212 15:40:31.660" endtime="20230212 15:40:31.759"/>
</kw>
<status status="PASS" starttime="20230212 15:40:31.660" endtime="20230212 15:40:31.760"/>
</kw>
<kw name="Type in laczy pilka">
<kw name="Input Text" library="SeleniumLibrary">
<arg>${WEBLACZYFIELD}</arg>
<arg>text</arg>
<doc>Types the given ``text`` into the text field identified by ``locator``.</doc>
<msg timestamp="20230212 15:40:31.761" level="INFO">Typing text 'text' into text field 'xpath=//input[@name="webLaczy"]'.</msg>
<status status="PASS" starttime="20230212 15:40:31.760" endtime="20230212 15:40:31.845"/>
</kw>
<status status="PASS" starttime="20230212 15:40:31.760" endtime="20230212 15:40:31.846"/>
</kw>
<kw name="Type in ninety">
<kw name="Input Text" library="SeleniumLibrary">
<arg>${NINETYFIELD}</arg>
<arg>text</arg>
<doc>Types the given ``text`` into the text field identified by ``locator``.</doc>
<msg timestamp="20230212 15:40:31.847" level="INFO">Typing text 'text' into text field 'xpath=//input[@name="web90"]'.</msg>
<status status="PASS" starttime="20230212 15:40:31.846" endtime="20230212 15:40:31.929"/>
</kw>
<status status="PASS" starttime="20230212 15:40:31.846" endtime="20230212 15:40:31.929"/>
</kw>
<kw name="Type in facebook">
<kw name="Input Text" library="SeleniumLibrary">
<arg>${FACEBOOKFIELD}</arg>
<arg>cat_love.facebook.com</arg>
<doc>Types the given ``text`` into the text field identified by ``locator``.</doc>
<msg timestamp="20230212 15:40:31.930" level="INFO">Typing text 'cat_love.facebook.com' into text field 'xpath=//input[@name="webFB"]'.</msg>
<status status="PASS" starttime="20230212 15:40:31.930" endtime="20230212 15:40:32.053"/>
</kw>
<status status="PASS" starttime="20230212 15:40:31.930" endtime="20230212 15:40:32.053"/>
</kw>
<kw name="Click on the submit button">
<kw name="Click Element" library="SeleniumLibrary">
<arg>${SUBMITADDBUTTON}</arg>
<doc>Click the element identified by ``locator``.</doc>
<msg timestamp="20230212 15:40:32.055" level="INFO">Clicking element 'xpath=//*[@id="__next"]/div[1]/main/div[2]/form/div[3]/button[1]'.</msg>
<status status="PASS" starttime="20230212 15:40:32.054" endtime="20230212 15:40:32.107"/>
</kw>
<status status="PASS" starttime="20230212 15:40:32.054" endtime="20230212 15:40:32.107"/>
</kw>
<kw name="Assert last added player">
<kw name="Wait Until Element Is Visible" library="SeleniumLibrary">
<arg>${EDITPLAYERTITLE}</arg>
<doc>Waits until the element ``locator`` is visible.</doc>
<status status="PASS" starttime="20230212 15:40:32.108" endtime="20230212 15:40:33.031"/>
</kw>
<kw name="Title Should Be" library="SeleniumLibrary">
<arg>Edit player Catt Paw</arg>
<doc>Verifies that the current page title equals ``title``.</doc>
<msg timestamp="20230212 15:40:33.037" level="INFO">Page title is 'Edit player Catt Paw'.</msg>
<status status="PASS" starttime="20230212 15:40:33.031" endtime="20230212 15:40:33.037"/>
</kw>
<kw name="Capture Page Screenshot" library="SeleniumLibrary">
<arg>alert.png</arg>
<doc>Takes a screenshot of the current page and embeds it into a log file.</doc>
<msg timestamp="20230212 15:40:33.176" level="INFO" html="true">&lt;/td&gt;&lt;/tr&gt;&lt;tr&gt;&lt;td colspan="3"&gt;&lt;a href="alert.png"&gt;&lt;img src="alert.png" width="800px"&gt;&lt;/a&gt;</msg>
<status status="PASS" starttime="20230212 15:40:33.037" endtime="20230212 15:40:33.176"/>
</kw>
<status status="PASS" starttime="20230212 15:40:32.107" endtime="20230212 15:40:33.176"/>
</kw>
<kw name="Close Browser" library="SeleniumLibrary" type="TEARDOWN">
<doc>Closes the current browser.</doc>
<status status="PASS" starttime="20230212 15:40:33.176" endtime="20230212 15:40:35.305"/>
</kw>
<status status="PASS" starttime="20230212 15:40:24.958" endtime="20230212 15:40:35.306"/>
</test>
<doc>Suite description #automated tests for scout website</doc>
<status status="PASS" starttime="20230212 15:40:24.765" endtime="20230212 15:40:35.311"/>
</suite>
<suite id="s1-s1-s2" name="Test Clear Add Player Page" source="C:\Users\elnik\Documents\Projects\QA_RobotFramework_DareIT\tests_robotframework\test_clear_add_player_page.robot">
<test id="s1-s1-s2-t1" name="Clear add player page" line="37">
<kw name="Open login page">
<kw name="Open Browser" library="SeleniumLibrary">
<arg>${LOGIN URL}</arg>
<arg>${BROWSER}</arg>
<doc>Opens a new browser instance to the optional ``url``.</doc>
<msg timestamp="20230212 15:40:35.341" level="INFO">Opening browser 'Chrome' to base url 'https://scouts-test.futbolkolektyw.pl/en'.</msg>
<status status="PASS" starttime="20230212 15:40:35.340" endtime="20230212 15:40:37.032"/>
</kw>
<kw name="Title Should Be" library="SeleniumLibrary">
<arg>Scouts panel - sign in</arg>
<doc>Verifies that the current page title equals ``title``.</doc>
<msg timestamp="20230212 15:40:37.038" level="INFO">Page title is 'Scouts panel - sign in'.</msg>
<status status="PASS" starttime="20230212 15:40:37.032" endtime="20230212 15:40:37.038"/>
</kw>
<status status="PASS" starttime="20230212 15:40:35.339" endtime="20230212 15:40:37.038"/>
</kw>
<kw name="Type in email">
<kw name="Input Text" library="SeleniumLibrary">
<arg>${EMAILINPUT}</arg>
<arg>user01@getnada.com</arg>
<doc>Types the given ``text`` into the text field identified by ``locator``.</doc>
<msg timestamp="20230212 15:40:37.040" level="INFO">Typing text 'user01@getnada.com' into text field 'xpath=//*[@id='login']'.</msg>
<status status="PASS" starttime="20230212 15:40:37.039" endtime="20230212 15:40:37.174"/>
</kw>
<status status="PASS" starttime="20230212 15:40:37.039" endtime="20230212 15:40:37.174"/>
</kw>
<kw name="Type in password">
<kw name="Input Text" library="SeleniumLibrary">
<arg>${PASSWORDINPUT}</arg>
<arg>Test-1234</arg>
<doc>Types the given ``text`` into the text field identified by ``locator``.</doc>
<msg timestamp="20230212 15:40:37.175" level="INFO">Typing text 'Test-1234' into text field 'xpath=//*[@id='password']'.</msg>
<status status="PASS" starttime="20230212 15:40:37.175" endtime="20230212 15:40:37.270"/>
</kw>
<status status="PASS" starttime="20230212 15:40:37.174" endtime="20230212 15:40:37.270"/>
</kw>
<kw name="Click on the sign in button">
<kw name="Click Element" library="SeleniumLibrary">
<arg>${SIGNINBUTTON}</arg>
<doc>Click the element identified by ``locator``.</doc>
<msg timestamp="20230212 15:40:37.272" level="INFO">Clicking element 'xpath=//*[contains(@class, 'MuiButtonBase-root MuiButton-root')]'.</msg>
<status status="PASS" starttime="20230212 15:40:37.271" endtime="20230212 15:40:37.319"/>
</kw>
<status status="PASS" starttime="20230212 15:40:37.271" endtime="20230212 15:40:37.319"/>
</kw>
<kw name="Assert dashboard">
<kw name="Wait Until Element Is Visible" library="SeleniumLibrary">
<arg>${MAINPAGELOGO}</arg>
<doc>Waits until the element ``locator`` is visible.</doc>
<status status="PASS" starttime="20230212 15:40:37.319" endtime="20230212 15:40:39.834"/>
</kw>
<kw name="Title Should Be" library="SeleniumLibrary">
<arg>Scouts panel</arg>
<doc>Verifies that the current page title equals ``title``.</doc>
<msg timestamp="20230212 15:40:39.838" level="INFO">Page title is 'Scouts panel'.</msg>
<status status="PASS" starttime="20230212 15:40:39.834" endtime="20230212 15:40:39.838"/>
</kw>
<kw name="Capture Page Screenshot" library="SeleniumLibrary">
<arg>alert.png</arg>
<doc>Takes a screenshot of the current page and embeds it into a log file.</doc>
<msg timestamp="20230212 15:40:40.006" level="INFO" html="true">&lt;/td&gt;&lt;/tr&gt;&lt;tr&gt;&lt;td colspan="3"&gt;&lt;a href="alert.png"&gt;&lt;img src="alert.png" width="800px"&gt;&lt;/a&gt;</msg>
<status status="PASS" starttime="20230212 15:40:39.838" endtime="20230212 15:40:40.006"/>
</kw>
<status status="PASS" starttime="20230212 15:40:37.319" endtime="20230212 15:40:40.007"/>
</kw>
<kw name="Click on Add Player button">
<kw name="Click Element" library="SeleniumLibrary">
<arg>${ADDPLAYERSHORTCUT}</arg>
<doc>Click the element identified by ``locator``.</doc>
<msg timestamp="20230212 15:40:40.008" level="INFO">Clicking element 'xpath=//*[@id="__next"]/div[1]/main/div[3]/div[2]/div/div/a/button'.</msg>
<status status="PASS" starttime="20230212 15:40:40.007" endtime="20230212 15:40:40.052"/>
</kw>
<status status="PASS" starttime="20230212 15:40:40.007" endtime="20230212 15:40:40.053"/>
</kw>
<kw name="Assert Add Player">
<kw name="Wait Until Element Is Visible" library="SeleniumLibrary">
<arg>${ADDPLAYERTITLE}</arg>
<doc>Waits until the element ``locator`` is visible.</doc>
<status status="PASS" starttime="20230212 15:40:40.053" endtime="20230212 15:40:40.134"/>
</kw>
<kw name="Title Should Be" library="SeleniumLibrary">
<arg>Add player</arg>
<doc>Verifies that the current page title equals ``title``.</doc>
<msg timestamp="20230212 15:40:40.140" level="INFO">Page title is 'Add player'.</msg>
<status status="PASS" starttime="20230212 15:40:40.134" endtime="20230212 15:40:40.141"/>
</kw>
<kw name="Capture Page Screenshot" library="SeleniumLibrary">
<arg>alert.png</arg>
<doc>Takes a screenshot of the current page and embeds it into a log file.</doc>
<msg timestamp="20230212 15:40:40.259" level="INFO" html="true">&lt;/td&gt;&lt;/tr&gt;&lt;tr&gt;&lt;td colspan="3"&gt;&lt;a href="alert.png"&gt;&lt;img src="alert.png" width="800px"&gt;&lt;/a&gt;</msg>
<status status="PASS" starttime="20230212 15:40:40.141" endtime="20230212 15:40:40.259"/>
</kw>
<status status="PASS" starttime="20230212 15:40:40.053" endtime="20230212 15:40:40.259"/>
</kw>
<kw name="Type in email field">
<kw name="Input Text" library="SeleniumLibrary">
<arg>${EMAILFIELD}</arg>
<arg>cat_lover@gmail.com</arg>
<doc>Types the given ``text`` into the text field identified by ``locator``.</doc>
<msg timestamp="20230212 15:40:40.261" level="INFO">Typing text 'cat_lover@gmail.com' into text field 'xpath=//input[@name="email"]'.</msg>
<status status="PASS" starttime="20230212 15:40:40.261" endtime="20230212 15:40:40.393"/>
</kw>
<status status="PASS" starttime="20230212 15:40:40.261" endtime="20230212 15:40:40.393"/>
</kw>
<kw name="Type in phone">
<kw name="Input Text" library="SeleniumLibrary">
<arg>${PHONEFIELD}</arg>
<arg>+48884404404</arg>
<doc>Types the given ``text`` into the text field identified by ``locator``.</doc>
<msg timestamp="20230212 15:40:40.395" level="INFO">Typing text '+48884404404' into text field 'xpath=//input[@name="phone"]'.</msg>
<status status="PASS" starttime="20230212 15:40:40.394" endtime="20230212 15:40:40.510"/>
</kw>
<status status="PASS" starttime="20230212 15:40:40.394" endtime="20230212 15:40:40.510"/>
</kw>
<kw name="Type in age">
<kw name="Input Text" library="SeleniumLibrary">
<arg>${AGEFIELD}</arg>
<arg>05.02.2023</arg>
<doc>Types the given ``text`` into the text field identified by ``locator``.</doc>
<msg timestamp="20230212 15:40:40.511" level="INFO">Typing text '05.02.2023' into text field 'xpath=//input[@name="age"]'.</msg>
<status status="PASS" starttime="20230212 15:40:40.511" endtime="20230212 15:40:40.599"/>
</kw>
<status status="PASS" starttime="20230212 15:40:40.511" endtime="20230212 15:40:40.599"/>
</kw>
<kw name="Type in level">
<kw name="Input Text" library="SeleniumLibrary">
<arg>${LEVELFIELD}</arg>
<arg>Professional</arg>
<doc>Types the given ``text`` into the text field identified by ``locator``.</doc>
<msg timestamp="20230212 15:40:40.601" level="INFO">Typing text 'Professional' into text field 'xpath=//input[@name="level"]'.</msg>
<status status="PASS" starttime="20230212 15:40:40.600" endtime="20230212 15:40:40.708"/>
</kw>
<status status="PASS" starttime="20230212 15:40:40.600" endtime="20230212 15:40:40.708"/>
</kw>
<kw name="Type in district">
<kw name="Click Element" library="SeleniumLibrary">
<arg>${DISTRICTFIELD}</arg>
<doc>Click the element identified by ``locator``.</doc>
<msg timestamp="20230212 15:40:40.709" level="INFO">Clicking element 'xpath=//*[@id="mui-component-select-district"]'.</msg>
<status status="PASS" starttime="20230212 15:40:40.709" endtime="20230212 15:40:40.775"/>
</kw>
<kw name="Click Element" library="SeleniumLibrary">
<arg>${DISTRICTCHOOSE}</arg>
<doc>Click the element identified by ``locator``.</doc>
<msg timestamp="20230212 15:40:40.776" level="INFO">Clicking element 'xpath=//*[text()="Masovia"]'.</msg>
<status status="PASS" starttime="20230212 15:40:40.775" endtime="20230212 15:40:40.836"/>
</kw>
<status status="PASS" starttime="20230212 15:40:40.708" endtime="20230212 15:40:40.836"/>
</kw>
<kw name="Type in name">
<kw name="Input Text" library="SeleniumLibrary">
<arg>${NAMEFIELD}</arg>
<arg>Catt</arg>
<doc>Types the given ``text`` into the text field identified by ``locator``.</doc>
<msg timestamp="20230212 15:40:40.837" level="INFO">Typing text 'Catt' into text field 'xpath=//input[@name="name"]'.</msg>
<status status="PASS" starttime="20230212 15:40:40.837" endtime="20230212 15:40:40.933"/>
</kw>
<status status="PASS" starttime="20230212 15:40:40.837" endtime="20230212 15:40:40.933"/>
</kw>
<kw name="Type in weight">
<kw name="Input Text" library="SeleniumLibrary">
<arg>${WEIGHTFIELD}</arg>
<arg>70</arg>
<doc>Types the given ``text`` into the text field identified by ``locator``.</doc>
<msg timestamp="20230212 15:40:40.935" level="INFO">Typing text '70' into text field 'xpath=//input[@name="weight"]'.</msg>
<status status="PASS" starttime="20230212 15:40:40.934" endtime="20230212 15:40:41.009"/>
</kw>
<status status="PASS" starttime="20230212 15:40:40.934" endtime="20230212 15:40:41.009"/>
</kw>
<kw name="Type in leg">
<kw name="Click Element" library="SeleniumLibrary">
<arg>${LEGFIELD}</arg>
<doc>Click the element identified by ``locator``.</doc>
<msg timestamp="20230212 15:40:41.010" level="INFO">Clicking element 'xpath=//*[@id="mui-component-select-leg"]'.</msg>
<status status="PASS" starttime="20230212 15:40:41.009" endtime="20230212 15:40:41.250"/>
</kw>
<kw name="Click Element" library="SeleniumLibrary">
<arg>${LEGCHOOSE}</arg>
<doc>Click the element identified by ``locator``.</doc>
<msg timestamp="20230212 15:40:41.251" level="INFO">Clicking element 'xpath=//*[@id="menu-leg"]/div[3]/ul/li[2]'.</msg>
<status status="PASS" starttime="20230212 15:40:41.250" endtime="20230212 15:40:41.299"/>
</kw>
<status status="PASS" starttime="20230212 15:40:41.009" endtime="20230212 15:40:41.300"/>
</kw>
<kw name="Type in main position">
<kw name="Input Text" library="SeleniumLibrary">
<arg>${MAINPOSITIONFIELD}</arg>
<arg>Quarterback</arg>
<doc>Types the given ``text`` into the text field identified by ``locator``.</doc>
<msg timestamp="20230212 15:40:41.301" level="INFO">Typing text 'Quarterback' into text field 'xpath=//input[@name="mainPosition"]'.</msg>
<status status="PASS" starttime="20230212 15:40:41.301" endtime="20230212 15:40:41.412"/>
</kw>
<status status="PASS" starttime="20230212 15:40:41.300" endtime="20230212 15:40:41.412"/>
</kw>
<kw name="Type in achievement">
<kw name="Input Text" library="SeleniumLibrary">
<arg>${ACHIEVEMENTSFIELD}</arg>
<arg>Grammy</arg>
<doc>Types the given ``text`` into the text field identified by ``locator``.</doc>
<msg timestamp="20230212 15:40:41.414" level="INFO">Typing text 'Grammy' into text field 'xpath=//input[@name="achievements"]'.</msg>
<status status="PASS" starttime="20230212 15:40:41.413" endtime="20230212 15:40:41.506"/>
</kw>
<status status="PASS" starttime="20230212 15:40:41.413" endtime="20230212 15:40:41.506"/>
</kw>
<kw name="Type in surname">
<kw name="Input Text" library="SeleniumLibrary">
<arg>${SURNAMEFIELD}</arg>
<arg>Paw</arg>
<doc>Types the given ``text`` into the text field identified by ``locator``.</doc>
<msg timestamp="20230212 15:40:41.507" level="INFO">Typing text 'Paw' into text field 'xpath=//input[@name="surname"]'.</msg>
<status status="PASS" starttime="20230212 15:40:41.507" endtime="20230212 15:40:41.592"/>
</kw>
<status status="PASS" starttime="20230212 15:40:41.507" endtime="20230212 15:40:41.592"/>
</kw>
<kw name="Type in height">
<kw name="Input Text" library="SeleniumLibrary">
<arg>${HEIGHTFIELD}</arg>
<arg>170</arg>
<doc>Types the given ``text`` into the text field identified by ``locator``.</doc>
<msg timestamp="20230212 15:40:41.609" level="INFO">Typing text '170' into text field 'xpath=//input[@name="height"]'.</msg>
<status status="PASS" starttime="20230212 15:40:41.608" endtime="20230212 15:40:41.699"/>
</kw>
<status status="PASS" starttime="20230212 15:40:41.593" endtime="20230212 15:40:41.699"/>
</kw>
<kw name="Type in club">
<kw name="Input Text" library="SeleniumLibrary">
<arg>${CLUBFIELD}</arg>
<arg>Real Madrid</arg>
<doc>Types the given ``text`` into the text field identified by ``locator``.</doc>
<msg timestamp="20230212 15:40:41.700" level="INFO">Typing text 'Real Madrid' into text field 'xpath=//input[@name="club"]'.</msg>
<status status="PASS" starttime="20230212 15:40:41.700" endtime="20230212 15:40:41.800"/>
</kw>
<status status="PASS" starttime="20230212 15:40:41.700" endtime="20230212 15:40:41.800"/>
</kw>
<kw name="Type in second position">
<kw name="Input Text" library="SeleniumLibrary">
<arg>${SECONDPOSITIONFIELD}</arg>
<arg>Goalkeeper</arg>
<doc>Types the given ``text`` into the text field identified by ``locator``.</doc>
<msg timestamp="20230212 15:40:41.801" level="INFO">Typing text 'Goalkeeper' into text field 'xpath=//input[@name="secondPosition"]'.</msg>
<status status="PASS" starttime="20230212 15:40:41.801" endtime="20230212 15:40:41.904"/>
</kw>
<status status="PASS" starttime="20230212 15:40:41.801" endtime="20230212 15:40:41.904"/>
</kw>
<kw name="Type in laczy pilka">
<kw name="Input Text" library="SeleniumLibrary">
<arg>${WEBLACZYFIELD}</arg>
<arg>text</arg>
<doc>Types the given ``text`` into the text field identified by ``locator``.</doc>
<msg timestamp="20230212 15:40:41.905" level="INFO">Typing text 'text' into text field 'xpath=//input[@name="webLaczy"]'.</msg>
<status status="PASS" starttime="20230212 15:40:41.905" endtime="20230212 15:40:41.989"/>
</kw>
<status status="PASS" starttime="20230212 15:40:41.905" endtime="20230212 15:40:41.989"/>
</kw>
<kw name="Type in ninety">
<kw name="Input Text" library="SeleniumLibrary">
<arg>${NINETYFIELD}</arg>
<arg>text</arg>
<doc>Types the given ``text`` into the text field identified by ``locator``.</doc>
<msg timestamp="20230212 15:40:41.991" level="INFO">Typing text 'text' into text field 'xpath=//input[@name="web90"]'.</msg>
<status status="PASS" starttime="20230212 15:40:41.990" endtime="20230212 15:40:42.071"/>
</kw>
<status status="PASS" starttime="20230212 15:40:41.990" endtime="20230212 15:40:42.071"/>
</kw>
<kw name="Type in facebook">
<kw name="Input Text" library="SeleniumLibrary">
<arg>${FACEBOOKFIELD}</arg>
<arg>cat_love.facebook.com</arg>
<doc>Types the given ``text`` into the text field identified by ``locator``.</doc>
<msg timestamp="20230212 15:40:42.072" level="INFO">Typing text 'cat_love.facebook.com' into text field 'xpath=//input[@name="webFB"]'.</msg>
<status status="PASS" starttime="20230212 15:40:42.072" endtime="20230212 15:40:42.195"/>
</kw>
<status status="PASS" starttime="20230212 15:40:42.072" endtime="20230212 15:40:42.195"/>
</kw>
<kw name="Click on the clear button">
<kw name="Click Element" library="SeleniumLibrary">
<arg>${CLEARBUTTON}</arg>
<doc>Click the element identified by ``locator``.</doc>
<msg timestamp="20230212 15:40:42.196" level="INFO">Clicking element 'xpath=//*[@id="__next"]/div[1]/main/div[2]/form/div[3]/button[2]'.</msg>
<status status="PASS" starttime="20230212 15:40:42.196" endtime="20230212 15:40:42.253"/>
</kw>
<status status="PASS" starttime="20230212 15:40:42.196" endtime="20230212 15:40:42.253"/>
</kw>
<kw name="Assert clear add player fields">
<kw name="Element Text Should Be" library="SeleniumLibrary">
<arg>${NAMEFIELD}</arg>
<arg>${CLEAREDFIELD}</arg>
<doc>Verifies that element ``locator`` contains exact the text ``expected``.</doc>
<msg timestamp="20230212 15:40:42.255" level="INFO">Verifying element 'xpath=//input[@name="name"]' contains exact text ''.</msg>
<status status="PASS" starttime="20230212 15:40:42.254" endtime="20230212 15:40:42.279"/>
</kw>
<kw name="Capture Page Screenshot" library="SeleniumLibrary">
<arg>alert.png</arg>
<doc>Takes a screenshot of the current page and embeds it into a log file.</doc>
<msg timestamp="20230212 15:40:42.446" level="INFO" html="true">&lt;/td&gt;&lt;/tr&gt;&lt;tr&gt;&lt;td colspan="3"&gt;&lt;a href="alert.png"&gt;&lt;img src="alert.png" width="800px"&gt;&lt;/a&gt;</msg>
<status status="PASS" starttime="20230212 15:40:42.279" endtime="20230212 15:40:42.446"/>
</kw>
<status status="PASS" starttime="20230212 15:40:42.254" endtime="20230212 15:40:42.447"/>
</kw>
<kw name="Close Browser" library="SeleniumLibrary" type="TEARDOWN">
<doc>Closes the current browser.</doc>
<status status="PASS" starttime="20230212 15:40:42.447" endtime="20230212 15:40:44.635"/>
</kw>
<status status="PASS" starttime="20230212 15:40:35.338" endtime="20230212 15:40:44.635"/>
</test>
<doc>Suite description #automated tests for scout website</doc>
<status status="PASS" starttime="20230212 15:40:35.319" endtime="20230212 15:40:44.637"/>
</suite>
<suite id="s1-s1-s3" name="Test Invalid Login" source="C:\Users\elnik\Documents\Projects\QA_RobotFramework_DareIT\tests_robotframework\test_invalid_login.robot">
<test id="s1-s1-s3-t1" name="Invalid login to the system" line="15">
<kw name="Open login page">
<kw name="Open Browser" library="SeleniumLibrary">
<arg>${LOGIN URL}</arg>
<arg>${BROWSER}</arg>
<doc>Opens a new browser instance to the optional ``url``.</doc>
<msg timestamp="20230212 15:40:44.647" level="INFO">Opening browser 'Chrome' to base url 'https://scouts-test.futbolkolektyw.pl/en'.</msg>
<status status="PASS" starttime="20230212 15:40:44.646" endtime="20230212 15:40:46.322"/>
</kw>
<kw name="Title Should Be" library="SeleniumLibrary">
<arg>Scouts panel - sign in</arg>
<doc>Verifies that the current page title equals ``title``.</doc>
<msg timestamp="20230212 15:40:46.328" level="INFO">Page title is 'Scouts panel - sign in'.</msg>
<status status="PASS" starttime="20230212 15:40:46.323" endtime="20230212 15:40:46.328"/>
</kw>
<status status="PASS" starttime="20230212 15:40:44.646" endtime="20230212 15:40:46.328"/>
</kw>
<kw name="Type in email">
<kw name="Input Text" library="SeleniumLibrary">
<arg>${EMAILINPUT}</arg>
<arg>user01getnada.com</arg>
<doc>Types the given ``text`` into the text field identified by ``locator``.</doc>
<msg timestamp="20230212 15:40:46.329" level="INFO">Typing text 'user01getnada.com' into text field 'xpath=//*[@id='login']'.</msg>
<status status="PASS" starttime="20230212 15:40:46.329" endtime="20230212 15:40:46.464"/>
</kw>
<status status="PASS" starttime="20230212 15:40:46.329" endtime="20230212 15:40:46.464"/>
</kw>
<kw name="Type in password">
<kw name="Input Text" library="SeleniumLibrary">
<arg>${PASSWORDINPUT}</arg>
<arg>Test-134</arg>
<doc>Types the given ``text`` into the text field identified by ``locator``.</doc>
<msg timestamp="20230212 15:40:46.465" level="INFO">Typing text 'Test-134' into text field 'xpath=//*[@id='password']'.</msg>
<status status="PASS" starttime="20230212 15:40:46.465" endtime="20230212 15:40:46.556"/>
</kw>
<status status="PASS" starttime="20230212 15:40:46.465" endtime="20230212 15:40:46.556"/>
</kw>
<kw name="Click on the sign in button">
<kw name="Click Element" library="SeleniumLibrary">
<arg>${SIGNINBUTTON}</arg>
<doc>Click the element identified by ``locator``.</doc>
<msg timestamp="20230212 15:40:46.556" level="INFO">Clicking element 'xpath=//*[contains(@class, 'MuiButtonBase-root MuiButton-root')]'.</msg>
<status status="PASS" starttime="20230212 15:40:46.556" endtime="20230212 15:40:46.600"/>
</kw>
<status status="PASS" starttime="20230212 15:40:46.556" endtime="20230212 15:40:46.600"/>
</kw>
<kw name="Assert invalid login message">
<kw name="Wait Until Element Is Visible" library="SeleniumLibrary">
<arg>${INVALIDPASSWORD}</arg>
<doc>Waits until the element ``locator`` is visible.</doc>
<status status="PASS" starttime="20230212 15:40:46.601" endtime="20230212 15:40:46.870"/>
</kw>
<kw name="Element Text Should Be" library="SeleniumLibrary">
<arg>${INVALIDPASSWORD}</arg>
<arg>Identifier or password invalid.</arg>
<doc>Verifies that element ``locator`` contains exact the text ``expected``.</doc>
<msg timestamp="20230212 15:40:46.872" level="INFO">Verifying element 'xpath=//*[@id='__next']/form/div/div[1]/div[3]/span' contains exact text 'Identifier or password invalid.'.</msg>
<status status="PASS" starttime="20230212 15:40:46.870" endtime="20230212 15:40:46.933"/>
</kw>
<kw name="Capture Page Screenshot" library="SeleniumLibrary">
<arg>alert.png</arg>
<doc>Takes a screenshot of the current page and embeds it into a log file.</doc>
<msg timestamp="20230212 15:40:47.140" level="INFO" html="true">&lt;/td&gt;&lt;/tr&gt;&lt;tr&gt;&lt;td colspan="3"&gt;&lt;a href="alert.png"&gt;&lt;img src="alert.png" width="800px"&gt;&lt;/a&gt;</msg>
<status status="PASS" starttime="20230212 15:40:46.933" endtime="20230212 15:40:47.140"/>
</kw>
<status status="PASS" starttime="20230212 15:40:46.601" endtime="20230212 15:40:47.140"/>
</kw>
<kw name="Close Browser" library="SeleniumLibrary" type="TEARDOWN">
<doc>Closes the current browser.</doc>
<status status="PASS" starttime="20230212 15:40:47.141" endtime="20230212 15:40:49.260"/>
</kw>
<status status="PASS" starttime="20230212 15:40:44.645" endtime="20230212 15:40:49.261"/>
</test>
<doc>Suite description #automated tests for scout website</doc>
<status status="PASS" starttime="20230212 15:40:44.640" endtime="20230212 15:40:49.265"/>
</suite>
<suite id="s1-s1-s4" name="Test Language Change" source="C:\Users\elnik\Documents\Projects\QA_RobotFramework_DareIT\tests_robotframework\test_language_change.robot">
<test id="s1-s1-s4-t1" name="Language change" line="15">
<kw name="Open login page">
<kw name="Open Browser" library="SeleniumLibrary">
<arg>${LOGIN URL}</arg>
<arg>${BROWSER}</arg>
<doc>Opens a new browser instance to the optional ``url``.</doc>
<msg timestamp="20230212 15:40:49.283" level="INFO">Opening browser 'Chrome' to base url 'https://scouts-test.futbolkolektyw.pl/en'.</msg>
<status status="PASS" starttime="20230212 15:40:49.282" endtime="20230212 15:40:51.155"/>
</kw>
<kw name="Title Should Be" library="SeleniumLibrary">
<arg>Scouts panel - sign in</arg>
<doc>Verifies that the current page title equals ``title``.</doc>
<msg timestamp="20230212 15:40:51.161" level="INFO">Page title is 'Scouts panel - sign in'.</msg>
<status status="PASS" starttime="20230212 15:40:51.156" endtime="20230212 15:40:51.161"/>
</kw>
<status status="PASS" starttime="20230212 15:40:49.280" endtime="20230212 15:40:51.162"/>
</kw>
<kw name="Type in email">
<kw name="Input Text" library="SeleniumLibrary">
<arg>${EMAILINPUT}</arg>
<arg>user01@getnada.com</arg>
<doc>Types the given ``text`` into the text field identified by ``locator``.</doc>
<msg timestamp="20230212 15:40:51.163" level="INFO">Typing text 'user01@getnada.com' into text field 'xpath=//*[@id='login']'.</msg>
<status status="PASS" starttime="20230212 15:40:51.162" endtime="20230212 15:40:51.295"/>
</kw>
<status status="PASS" starttime="20230212 15:40:51.162" endtime="20230212 15:40:51.295"/>
</kw>
<kw name="Type in password">
<kw name="Input Text" library="SeleniumLibrary">
<arg>${PASSWORDINPUT}</arg>
<arg>Test-1234</arg>
<doc>Types the given ``text`` into the text field identified by ``locator``.</doc>
<msg timestamp="20230212 15:40:51.296" level="INFO">Typing text 'Test-1234' into text field 'xpath=//*[@id='password']'.</msg>
<status status="PASS" starttime="20230212 15:40:51.296" endtime="20230212 15:40:51.392"/>
</kw>
<status status="PASS" starttime="20230212 15:40:51.296" endtime="20230212 15:40:51.392"/>
</kw>
<kw name="Click on the sign in button">
<kw name="Click Element" library="SeleniumLibrary">
<arg>${SIGNINBUTTON}</arg>
<doc>Click the element identified by ``locator``.</doc>
<msg timestamp="20230212 15:40:51.393" level="INFO">Clicking element 'xpath=//*[contains(@class, 'MuiButtonBase-root MuiButton-root')]'.</msg>
<status status="PASS" starttime="20230212 15:40:51.392" endtime="20230212 15:40:51.437"/>
</kw>
<status status="PASS" starttime="20230212 15:40:51.392" endtime="20230212 15:40:51.437"/>
</kw>
<kw name="Assert dashboard">
<kw name="Wait Until Element Is Visible" library="SeleniumLibrary">
<arg>${PAGELOGO}</arg>
<doc>Waits until the element ``locator`` is visible.</doc>
<status status="PASS" starttime="20230212 15:40:51.438" endtime="20230212 15:40:53.514"/>
</kw>
<kw name="Title Should Be" library="SeleniumLibrary">
<arg>Scouts panel</arg>
<doc>Verifies that the current page title equals ``title``.</doc>
<msg timestamp="20230212 15:40:53.520" level="INFO">Page title is 'Scouts panel'.</msg>
<status status="PASS" starttime="20230212 15:40:53.514" endtime="20230212 15:40:53.520"/>
</kw>
<kw name="Capture Page Screenshot" library="SeleniumLibrary">
<arg>alert.png</arg>
<doc>Takes a screenshot of the current page and embeds it into a log file.</doc>
<msg timestamp="20230212 15:40:53.650" level="INFO" html="true">&lt;/td&gt;&lt;/tr&gt;&lt;tr&gt;&lt;td colspan="3"&gt;&lt;a href="alert.png"&gt;&lt;img src="alert.png" width="800px"&gt;&lt;/a&gt;</msg>
<status status="PASS" starttime="20230212 15:40:53.520" endtime="20230212 15:40:53.650"/>
</kw>
<status status="PASS" starttime="20230212 15:40:51.438" endtime="20230212 15:40:53.650"/>
</kw>
<kw name="Click on the language button">
<kw name="Click Element" library="SeleniumLibrary">
<arg>${LANGUAGEBUTTON}</arg>
<doc>Click the element identified by ``locator``.</doc>
<msg timestamp="20230212 15:40:53.652" level="INFO">Clicking element 'xpath=//*[@id="__next"]/div[1]/div/div/div/ul[2]/div[1]'.</msg>
<status status="PASS" starttime="20230212 15:40:53.651" endtime="20230212 15:40:53.730"/>
</kw>
<status status="PASS" starttime="20230212 15:40:53.651" endtime="20230212 15:40:53.731"/>
</kw>
<kw name="Assert language">
<kw name="Element Text Should Be" library="SeleniumLibrary">
<arg>${LANGUAGEBUTTON}</arg>
<arg>English</arg>
<doc>Verifies that element ``locator`` contains exact the text ``expected``.</doc>
<msg timestamp="20230212 15:40:53.733" level="INFO">Verifying element 'xpath=//*[@id="__next"]/div[1]/div/div/div/ul[2]/div[1]' contains exact text 'English'.</msg>
<status status="PASS" starttime="20230212 15:40:53.732" endtime="20230212 15:40:53.775"/>
</kw>
<kw name="Capture Page Screenshot" library="SeleniumLibrary">
<arg>alert.png</arg>
<doc>Takes a screenshot of the current page and embeds it into a log file.</doc>
<msg timestamp="20230212 15:40:53.907" level="INFO" html="true">&lt;/td&gt;&lt;/tr&gt;&lt;tr&gt;&lt;td colspan="3"&gt;&lt;a href="alert.png"&gt;&lt;img src="alert.png" width="800px"&gt;&lt;/a&gt;</msg>
<status status="PASS" starttime="20230212 15:40:53.775" endtime="20230212 15:40:53.907"/>
</kw>
<status status="PASS" starttime="20230212 15:40:53.731" endtime="20230212 15:40:53.908"/>
</kw>
<kw name="Close Browser" library="SeleniumLibrary" type="TEARDOWN">
<doc>Closes the current browser.</doc>
<status status="PASS" starttime="20230212 15:40:53.908" endtime="20230212 15:40:56.040"/>
</kw>
<status status="PASS" starttime="20230212 15:40:49.279" endtime="20230212 15:40:56.041"/>
</test>
<doc>Suite description #automated tests for scout website</doc>
<status status="PASS" starttime="20230212 15:40:49.270" endtime="20230212 15:40:56.045"/>
</suite>
<suite id="s1-s1-s5" name="Test Login To The System" source="C:\Users\elnik\Documents\Projects\QA_RobotFramework_DareIT\tests_robotframework\test_login_to_the_system.robot">
<test id="s1-s1-s5-t1" name="Login to the system" line="14">
<kw name="Open login page">
<kw name="Open Browser" library="SeleniumLibrary">
<arg>${LOGIN URL}</arg>
<arg>${BROWSER}</arg>
<doc>Opens a new browser instance to the optional ``url``.</doc>
<msg timestamp="20230212 15:40:56.062" level="INFO">Opening browser 'Chrome' to base url 'https://scouts-test.futbolkolektyw.pl/en'.</msg>
<status status="PASS" starttime="20230212 15:40:56.061" endtime="20230212 15:40:57.748"/>
</kw>
<kw name="Title Should Be" library="SeleniumLibrary">
<arg>Scouts panel - sign in</arg>
<doc>Verifies that the current page title equals ``title``.</doc>
<msg timestamp="20230212 15:40:57.755" level="INFO">Page title is 'Scouts panel - sign in'.</msg>
<status status="PASS" starttime="20230212 15:40:57.748" endtime="20230212 15:40:57.755"/>
</kw>
<status status="PASS" starttime="20230212 15:40:56.060" endtime="20230212 15:40:57.755"/>
</kw>
<kw name="Type in email">
<kw name="Input Text" library="SeleniumLibrary">
<arg>${EMAILINPUT}</arg>
<arg>user01@getnada.com</arg>
<doc>Types the given ``text`` into the text field identified by ``locator``.</doc>
<msg timestamp="20230212 15:40:57.757" level="INFO">Typing text 'user01@getnada.com' into text field 'xpath=//*[@id='login']'.</msg>
<status status="PASS" starttime="20230212 15:40:57.756" endtime="20230212 15:40:57.936"/>
</kw>
<status status="PASS" starttime="20230212 15:40:57.756" endtime="20230212 15:40:57.936"/>
</kw>
<kw name="Type in password">
<kw name="Input Text" library="SeleniumLibrary">
<arg>${PASSWORDINPUT}</arg>
<arg>Test-1234</arg>
<doc>Types the given ``text`` into the text field identified by ``locator``.</doc>
<msg timestamp="20230212 15:40:57.937" level="INFO">Typing text 'Test-1234' into text field 'xpath=//*[@id='password']'.</msg>
<status status="PASS" starttime="20230212 15:40:57.937" endtime="20230212 15:40:58.031"/>
</kw>
<status status="PASS" starttime="20230212 15:40:57.937" endtime="20230212 15:40:58.031"/>
</kw>
<kw name="Click on the sign in button">
<kw name="Click Element" library="SeleniumLibrary">
<arg>${SIGNINBUTTON}</arg>
<doc>Click the element identified by ``locator``.</doc>
<msg timestamp="20230212 15:40:58.032" level="INFO">Clicking element 'xpath=//*[contains(@class, 'MuiButtonBase-root MuiButton-root')]'.</msg>
<status status="PASS" starttime="20230212 15:40:58.032" endtime="20230212 15:40:58.071"/>
</kw>
<status status="PASS" starttime="20230212 15:40:58.032" endtime="20230212 15:40:58.071"/>
</kw>
<kw name="Assert dashboard">
<kw name="Wait Until Element Is Visible" library="SeleniumLibrary">
<arg>${PAGELOGO}</arg>
<doc>Waits until the element ``locator`` is visible.</doc>
<status status="PASS" starttime="20230212 15:40:58.071" endtime="20230212 15:41:01.433"/>
</kw>
<kw name="Title Should Be" library="SeleniumLibrary">
<arg>Scouts panel</arg>
<doc>Verifies that the current page title equals ``title``.</doc>
<msg timestamp="20230212 15:41:01.438" level="INFO">Page title is 'Scouts panel'.</msg>
<status status="PASS" starttime="20230212 15:41:01.433" endtime="20230212 15:41:01.438"/>
</kw>
<kw name="Capture Page Screenshot" library="SeleniumLibrary">
<arg>alert.png</arg>
<doc>Takes a screenshot of the current page and embeds it into a log file.</doc>
<msg timestamp="20230212 15:41:01.564" level="INFO" html="true">&lt;/td&gt;&lt;/tr&gt;&lt;tr&gt;&lt;td colspan="3"&gt;&lt;a href="alert.png"&gt;&lt;img src="alert.png" width="800px"&gt;&lt;/a&gt;</msg>
<status status="PASS" starttime="20230212 15:41:01.438" endtime="20230212 15:41:01.564"/>
</kw>
<status status="PASS" starttime="20230212 15:40:58.071" endtime="20230212 15:41:01.565"/>
</kw>
<kw name="Close Browser" library="SeleniumLibrary" type="TEARDOWN">
<doc>Closes the current browser.</doc>
<status status="PASS" starttime="20230212 15:41:01.565" endtime="20230212 15:41:04.982"/>
</kw>
<status status="PASS" starttime="20230212 15:40:56.059" endtime="20230212 15:41:04.984"/>
</test>
<doc>Suite description #automated tests for scout website</doc>
<status status="PASS" starttime="20230212 15:40:56.049" endtime="20230212 15:41:04.988"/>
</suite>
<suite id="s1-s1-s6" name="Test Sign Out" source="C:\Users\elnik\Documents\Projects\QA_RobotFramework_DareIT\tests_robotframework\test_sign_out.robot">
<test id="s1-s1-s6-t1" name="Sign out of the system" line="15">
<kw name="Open login page">
<kw name="Open Browser" library="SeleniumLibrary">
<arg>${LOGIN URL}</arg>
<arg>${BROWSER}</arg>
<doc>Opens a new browser instance to the optional ``url``.</doc>
<msg timestamp="20230212 15:41:05.010" level="INFO">Opening browser 'Chrome' to base url 'https://scouts-test.futbolkolektyw.pl/en'.</msg>
<status status="PASS" starttime="20230212 15:41:05.009" endtime="20230212 15:41:06.651"/>
</kw>
<kw name="Title Should Be" library="SeleniumLibrary">
<arg>Scouts panel - sign in</arg>
<doc>Verifies that the current page title equals ``title``.</doc>
<msg timestamp="20230212 15:41:06.657" level="INFO">Page title is 'Scouts panel - sign in'.</msg>
<status status="PASS" starttime="20230212 15:41:06.651" endtime="20230212 15:41:06.658"/>
</kw>
<status status="PASS" starttime="20230212 15:41:05.009" endtime="20230212 15:41:06.658"/>
</kw>
<kw name="Type in email">
<kw name="Input Text" library="SeleniumLibrary">
<arg>${EMAILINPUT}</arg>
<arg>user01@getnada.com</arg>
<doc>Types the given ``text`` into the text field identified by ``locator``.</doc>
<msg timestamp="20230212 15:41:06.659" level="INFO">Typing text 'user01@getnada.com' into text field 'xpath=//*[@id='login']'.</msg>
<status status="PASS" starttime="20230212 15:41:06.658" endtime="20230212 15:41:06.791"/>
</kw>
<status status="PASS" starttime="20230212 15:41:06.658" endtime="20230212 15:41:06.791"/>
</kw>
<kw name="Type in password">
<kw name="Input Text" library="SeleniumLibrary">
<arg>${PASSWORDINPUT}</arg>
<arg>Test-1234</arg>
<doc>Types the given ``text`` into the text field identified by ``locator``.</doc>
<msg timestamp="20230212 15:41:06.792" level="INFO">Typing text 'Test-1234' into text field 'xpath=//*[@id='password']'.</msg>
<status status="PASS" starttime="20230212 15:41:06.792" endtime="20230212 15:41:06.887"/>
</kw>
<status status="PASS" starttime="20230212 15:41:06.792" endtime="20230212 15:41:06.887"/>
</kw>
<kw name="Click on the sign in button">
<kw name="Click Element" library="SeleniumLibrary">
<arg>${SIGNINBUTTON}</arg>
<doc>Click the element identified by ``locator``.</doc>
<msg timestamp="20230212 15:41:06.888" level="INFO">Clicking element 'xpath=//*[contains(@class, 'MuiButtonBase-root MuiButton-root')]'.</msg>
<status status="PASS" starttime="20230212 15:41:06.888" endtime="20230212 15:41:06.933"/>
</kw>
<status status="PASS" starttime="20230212 15:41:06.887" endtime="20230212 15:41:06.933"/>
</kw>
<kw name="Assert dashboard">
<kw name="Wait Until Element Is Visible" library="SeleniumLibrary">
<arg>${PAGELOGO}</arg>
<doc>Waits until the element ``locator`` is visible.</doc>
<status status="PASS" starttime="20230212 15:41:06.934" endtime="20230212 15:41:09.413"/>
</kw>
<kw name="Title Should Be" library="SeleniumLibrary">
<arg>Scouts panel</arg>
<doc>Verifies that the current page title equals ``title``.</doc>
<msg timestamp="20230212 15:41:09.417" level="INFO">Page title is 'Scouts panel'.</msg>
<status status="PASS" starttime="20230212 15:41:09.413" endtime="20230212 15:41:09.417"/>
</kw>
<status status="PASS" starttime="20230212 15:41:06.934" endtime="20230212 15:41:09.417"/>
</kw>
<kw name="Click Sign out">
<kw name="Click Element" library="SeleniumLibrary">
<arg>${SIGNOUTBUTTON}</arg>
<doc>Click the element identified by ``locator``.</doc>
<msg timestamp="20230212 15:41:09.418" level="INFO">Clicking element 'xpath=//*[@id="__next"]/div[1]/div/div/div/ul[2]/div[2]'.</msg>
<status status="PASS" starttime="20230212 15:41:09.418" endtime="20230212 15:41:09.473"/>
</kw>
<status status="PASS" starttime="20230212 15:41:09.418" endtime="20230212 15:41:09.473"/>
</kw>
<kw name="Assert login page title">
<kw name="Wait Until Element Is Visible" library="SeleniumLibrary">
<arg>${SIGNINBUTTON}</arg>
<doc>Waits until the element ``locator`` is visible.</doc>
<status status="PASS" starttime="20230212 15:41:09.474" endtime="20230212 15:41:09.494"/>
</kw>
<kw name="Title Should Be" library="SeleniumLibrary">
<arg>Scouts panel - sign in</arg>
<doc>Verifies that the current page title equals ``title``.</doc>
<msg timestamp="20230212 15:41:09.500" level="INFO">Page title is 'Scouts panel - sign in'.</msg>
<status status="PASS" starttime="20230212 15:41:09.495" endtime="20230212 15:41:09.500"/>
</kw>
<kw name="Capture Page Screenshot" library="SeleniumLibrary">
<arg>alert.png</arg>
<doc>Takes a screenshot of the current page and embeds it into a log file.</doc>
<msg timestamp="20230212 15:41:09.620" level="INFO" html="true">&lt;/td&gt;&lt;/tr&gt;&lt;tr&gt;&lt;td colspan="3"&gt;&lt;a href="alert.png"&gt;&lt;img src="alert.png" width="800px"&gt;&lt;/a&gt;</msg>
<status status="PASS" starttime="20230212 15:41:09.500" endtime="20230212 15:41:09.620"/>
</kw>
<status status="PASS" starttime="20230212 15:41:09.474" endtime="20230212 15:41:09.620"/>
</kw>
<kw name="Close Browser" library="SeleniumLibrary" type="TEARDOWN">
<doc>Closes the current browser.</doc>
<status status="PASS" starttime="20230212 15:41:09.621" endtime="20230212 15:41:11.764"/>
</kw>
<status status="PASS" starttime="20230212 15:41:05.008" endtime="20230212 15:41:11.765"/>
</test>
<doc>Suite description #automated tests for scout website</doc>
<status status="PASS" starttime="20230212 15:41:04.994" endtime="20230212 15:41:11.766"/>
</suite>
<status status="PASS" starttime="20230212 15:40:24.762" endtime="20230212 15:41:11.769"/>
</suite>
<status status="PASS" starttime="20230212 15:40:24.742" endtime="20230212 15:41:11.772"/>
</suite>
<statistics>
<total>
<stat pass="6" fail="0" skip="0">All Tests</stat>
</total>
<tag>
</tag>
<suite>
<stat pass="6" fail="0" skip="0" id="s1" name="QA RobotFramework DareIT">QA RobotFramework DareIT</stat>
<stat pass="6" fail="0" skip="0" id="s1-s1" name="Tests Robotframework">QA RobotFramework DareIT.Tests Robotframework</stat>
<stat pass="1" fail="0" skip="0" id="s1-s1-s1" name="Test Add Player">QA RobotFramework DareIT.Tests Robotframework.Test Add Player</stat>
<stat pass="1" fail="0" skip="0" id="s1-s1-s2" name="Test Clear Add Player Page">QA RobotFramework DareIT.Tests Robotframework.Test Clear Add Player Page</stat>
<stat pass="1" fail="0" skip="0" id="s1-s1-s3" name="Test Invalid Login">QA RobotFramework DareIT.Tests Robotframework.Test Invalid Login</stat>
<stat pass="1" fail="0" skip="0" id="s1-s1-s4" name="Test Language Change">QA RobotFramework DareIT.Tests Robotframework.Test Language Change</stat>
<stat pass="1" fail="0" skip="0" id="s1-s1-s5" name="Test Login To The System">QA RobotFramework DareIT.Tests Robotframework.Test Login To The System</stat>
<stat pass="1" fail="0" skip="0" id="s1-s1-s6" name="Test Sign Out">QA RobotFramework DareIT.Tests Robotframework.Test Sign Out</stat>
</suite>
</statistics>
<errors>
</errors>
</robot>
