<?xml version="1.0" encoding="UTF-8"?>
<robot generator="Robot 6.0.2 (Python 3.9.13 on win32)" generated="20230212 15:25:27.879" rpa="false" schemaversion="3">
<suite id="s1" name="QA RobotFramework DareIT" source="C:\Users\elnik\Documents\Projects\QA_RobotFramework_DareIT">
<suite id="s1-s1" name="Test Robotframework" source="C:\Users\elnik\Documents\Projects\QA_RobotFramework_DareIT\test_robotframework">
<suite id="s1-s1-s1" name="Test Add Player" source="C:\Users\elnik\Documents\Projects\QA_RobotFramework_DareIT\test_robotframework\test_add_player.robot">
<test id="s1-s1-s1-t1" name="Add Player" line="37">
<kw name="Open login page">
<kw name="Open Browser" library="SeleniumLibrary">
<arg>${LOGIN URL}</arg>
<arg>${BROWSER}</arg>
<doc>Opens a new browser instance to the optional ``url``.</doc>
<msg timestamp="20230212 15:25:28.096" level="INFO">Opening browser 'Chrome' to base url 'https://scouts-test.futbolkolektyw.pl/en'.</msg>
<status status="PASS" starttime="20230212 15:25:28.095" endtime="20230212 15:25:29.867"/>
</kw>
<kw name="Title Should Be" library="SeleniumLibrary">
<arg>Scouts panel - sign in</arg>
<doc>Verifies that the current page title equals ``title``.</doc>
<msg timestamp="20230212 15:25:29.872" level="INFO">Page title is 'Scouts panel - sign in'.</msg>
<status status="PASS" starttime="20230212 15:25:29.867" endtime="20230212 15:25:29.872"/>
</kw>
<status status="PASS" starttime="20230212 15:25:28.095" endtime="20230212 15:25:29.872"/>
</kw>
<kw name="Type in email">
<kw name="Input Text" library="SeleniumLibrary">
<arg>${EMAILINPUT}</arg>
<arg>user01@getnada.com</arg>
<doc>Types the given ``text`` into the text field identified by ``locator``.</doc>
<msg timestamp="20230212 15:25:29.874" level="INFO">Typing text 'user01@getnada.com' into text field 'xpath=//*[@id='login']'.</msg>
<status status="PASS" starttime="20230212 15:25:29.873" endtime="20230212 15:25:30.015"/>
</kw>
<status status="PASS" starttime="20230212 15:25:29.872" endtime="20230212 15:25:30.015"/>
</kw>
<kw name="Type in password">
<kw name="Input Text" library="SeleniumLibrary">
<arg>${PASSWORDINPUT}</arg>
<arg>Test-1234</arg>
<doc>Types the given ``text`` into the text field identified by ``locator``.</doc>
<msg timestamp="20230212 15:25:30.016" level="INFO">Typing text 'Test-1234' into text field 'xpath=//*[@id='password']'.</msg>
<status status="PASS" starttime="20230212 15:25:30.015" endtime="20230212 15:25:30.124"/>
</kw>
<status status="PASS" starttime="20230212 15:25:30.015" endtime="20230212 15:25:30.124"/>
</kw>
<kw name="Click on the sign in button">
<kw name="Click Element" library="SeleniumLibrary">
<arg>${SIGNINBUTTON}</arg>
<doc>Click the element identified by ``locator``.</doc>
<msg timestamp="20230212 15:25:30.125" level="INFO">Clicking element 'xpath=//*[contains(@class, 'MuiButtonBase-root MuiButton-root')]'.</msg>
<status status="PASS" starttime="20230212 15:25:30.125" endtime="20230212 15:25:30.166"/>
</kw>
<status status="PASS" starttime="20230212 15:25:30.125" endtime="20230212 15:25:30.166"/>
</kw>
<kw name="Assert dashboard">
<kw name="Wait Until Element Is Visible" library="SeleniumLibrary">
<arg>${MAINPAGELOGO}</arg>
<doc>Waits until the element ``locator`` is visible.</doc>
<status status="PASS" starttime="20230212 15:25:30.167" endtime="20230212 15:25:32.893"/>
</kw>
<kw name="Title Should Be" library="SeleniumLibrary">
<arg>Scouts panel</arg>
<doc>Verifies that the current page title equals ``title``.</doc>
<msg timestamp="20230212 15:25:32.897" level="INFO">Page title is 'Scouts panel'.</msg>
<status status="PASS" starttime="20230212 15:25:32.893" endtime="20230212 15:25:32.897"/>
</kw>
<kw name="Capture Page Screenshot" library="SeleniumLibrary">
<arg>alert.png</arg>
<doc>Takes a screenshot of the current page and embeds it into a log file.</doc>
<msg timestamp="20230212 15:25:33.052" level="INFO" html="true">&lt;/td&gt;&lt;/tr&gt;&lt;tr&gt;&lt;td colspan="3"&gt;&lt;a href="alert.png"&gt;&lt;img src="alert.png" width="800px"&gt;&lt;/a&gt;</msg>
<status status="PASS" starttime="20230212 15:25:32.898" endtime="20230212 15:25:33.052"/>
</kw>
<status status="PASS" starttime="20230212 15:25:30.166" endtime="20230212 15:25:33.052"/>
</kw>
<kw name="Click on Add Player button">
<kw name="Click Element" library="SeleniumLibrary">
<arg>${ADDPLAYERSHORTCUT}</arg>
<doc>Click the element identified by ``locator``.</doc>
<msg timestamp="20230212 15:25:33.053" level="INFO">Clicking element 'xpath=//*[@id="__next"]/div[1]/main/div[3]/div[2]/div/div/a/button'.</msg>
<status status="PASS" starttime="20230212 15:25:33.053" endtime="20230212 15:25:33.100"/>
</kw>
<status status="PASS" starttime="20230212 15:25:33.052" endtime="20230212 15:25:33.101"/>
</kw>
<kw name="Assert Add Player">
<kw name="Wait Until Element Is Visible" library="SeleniumLibrary">
<arg>${ADDPLAYERTITLE}</arg>
<doc>Waits until the element ``locator`` is visible.</doc>
<status status="PASS" starttime="20230212 15:25:33.102" endtime="20230212 15:25:33.185"/>
</kw>
<kw name="Title Should Be" library="SeleniumLibrary">
<arg>Add player</arg>
<doc>Verifies that the current page title equals ``title``.</doc>
<msg timestamp="20230212 15:25:33.193" level="INFO">Page title is 'Add player'.</msg>
<status status="PASS" starttime="20230212 15:25:33.185" endtime="20230212 15:25:33.194"/>
</kw>
<kw name="Capture Page Screenshot" library="SeleniumLibrary">
<arg>alert.png</arg>
<doc>Takes a screenshot of the current page and embeds it into a log file.</doc>
<msg timestamp="20230212 15:25:33.321" level="INFO" html="true">&lt;/td&gt;&lt;/tr&gt;&lt;tr&gt;&lt;td colspan="3"&gt;&lt;a href="alert.png"&gt;&lt;img src="alert.png" width="800px"&gt;&lt;/a&gt;</msg>
<status status="PASS" starttime="20230212 15:25:33.194" endtime="20230212 15:25:33.321"/>
</kw>
<status status="PASS" starttime="20230212 15:25:33.101" endtime="20230212 15:25:33.321"/>
</kw>
<kw name="Type in email field">
<kw name="Input Text" library="SeleniumLibrary">
<arg>${EMAILFIELD}</arg>
<arg>cat_lover@gmail.com</arg>
<doc>Types the given ``text`` into the text field identified by ``locator``.</doc>
<msg timestamp="20230212 15:25:33.322" level="INFO">Typing text 'cat_lover@gmail.com' into text field 'xpath=//input[@name="email"]'.</msg>
<status status="PASS" starttime="20230212 15:25:33.322" endtime="20230212 15:25:33.457"/>
</kw>
<status status="PASS" starttime="20230212 15:25:33.322" endtime="20230212 15:25:33.457"/>
</kw>
<kw name="Type in phone">
<kw name="Input Text" library="SeleniumLibrary">
<arg>${PHONEFIELD}</arg>
<arg>+48884404404</arg>
<doc>Types the given ``text`` into the text field identified by ``locator``.</doc>
<msg timestamp="20230212 15:25:33.459" level="INFO">Typing text '+48884404404' into text field 'xpath=//input[@name="phone"]'.</msg>
<status status="PASS" starttime="20230212 15:25:33.458" endtime="20230212 15:25:33.571"/>
</kw>
<status status="PASS" starttime="20230212 15:25:33.458" endtime="20230212 15:25:33.571"/>
</kw>
<kw name="Type in age">
<kw name="Input Text" library="SeleniumLibrary">
<arg>${AGEFIELD}</arg>
<arg>05.02.2023</arg>
<doc>Types the given ``text`` into the text field identified by ``locator``.</doc>
<msg timestamp="20230212 15:25:33.573" level="INFO">Typing text '05.02.2023' into text field 'xpath=//input[@name="age"]'.</msg>
<status status="PASS" starttime="20230212 15:25:33.572" endtime="20230212 15:25:33.657"/>
</kw>
<status status="PASS" starttime="20230212 15:25:33.572" endtime="20230212 15:25:33.657"/>
</kw>
<kw name="Type in level">
<kw name="Input Text" library="SeleniumLibrary">
<arg>${LEVELFIELD}</arg>
<arg>Professional</arg>
<doc>Types the given ``text`` into the text field identified by ``locator``.</doc>
<msg timestamp="20230212 15:25:33.659" level="INFO">Typing text 'Professional' into text field 'xpath=//input[@name="level"]'.</msg>
<status status="PASS" starttime="20230212 15:25:33.658" endtime="20230212 15:25:33.764"/>
</kw>
<status status="PASS" starttime="20230212 15:25:33.658" endtime="20230212 15:25:33.764"/>
</kw>
<kw name="Type in district">
<kw name="Click Element" library="SeleniumLibrary">
<arg>${DISTRICTFIELD}</arg>
<doc>Click the element identified by ``locator``.</doc>
<msg timestamp="20230212 15:25:33.765" level="INFO">Clicking element 'xpath=//*[@id="mui-component-select-district"]'.</msg>
<status status="PASS" starttime="20230212 15:25:33.765" endtime="20230212 15:25:33.824"/>
</kw>
<kw name="Click Element" library="SeleniumLibrary">
<arg>${DISTRICTCHOOSE}</arg>
<doc>Click the element identified by ``locator``.</doc>
<msg timestamp="20230212 15:25:33.825" level="INFO">Clicking element 'xpath=//*[text()="Masovia"]'.</msg>
<status status="PASS" starttime="20230212 15:25:33.824" endtime="20230212 15:25:33.883"/>
</kw>
<status status="PASS" starttime="20230212 15:25:33.765" endtime="20230212 15:25:33.883"/>
</kw>
<kw name="Type in name">
<kw name="Input Text" library="SeleniumLibrary">
<arg>${NAMEFIELD}</arg>
<arg>Catt</arg>
<doc>Types the given ``text`` into the text field identified by ``locator``.</doc>
<msg timestamp="20230212 15:25:33.884" level="INFO">Typing text 'Catt' into text field 'xpath=//input[@name="name"]'.</msg>
<status status="PASS" starttime="20230212 15:25:33.884" endtime="20230212 15:25:33.976"/>
</kw>
<status status="PASS" starttime="20230212 15:25:33.884" endtime="20230212 15:25:33.976"/>
</kw>
<kw name="Type in weight">
<kw name="Input Text" library="SeleniumLibrary">
<arg>${WEIGHTFIELD}</arg>
<arg>70</arg>
<doc>Types the given ``text`` into the text field identified by ``locator``.</doc>
<msg timestamp="20230212 15:25:33.978" level="INFO">Typing text '70' into text field 'xpath=//input[@name="weight"]'.</msg>
<status status="PASS" starttime="20230212 15:25:33.977" endtime="20230212 15:25:34.059"/>
</kw>
<status status="PASS" starttime="20230212 15:25:33.977" endtime="20230212 15:25:34.059"/>
</kw>
<kw name="Type in leg">
<kw name="Click Element" library="SeleniumLibrary">
<arg>${LEGFIELD}</arg>
<doc>Click the element identified by ``locator``.</doc>
<msg timestamp="20230212 15:25:34.061" level="INFO">Clicking element 'xpath=//*[@id="mui-component-select-leg"]'.</msg>
<status status="PASS" starttime="20230212 15:25:34.060" endtime="20230212 15:25:34.307"/>
</kw>
<kw name="Click Element" library="SeleniumLibrary">
<arg>${LEGCHOOSE}</arg>
<doc>Click the element identified by ``locator``.</doc>
<msg timestamp="20230212 15:25:34.308" level="INFO">Clicking element 'xpath=//*[@id="menu-leg"]/div[3]/ul/li[2]'.</msg>
<status status="PASS" starttime="20230212 15:25:34.308" endtime="20230212 15:25:34.355"/>
</kw>
<status status="PASS" starttime="20230212 15:25:34.060" endtime="20230212 15:25:34.356"/>
</kw>
<kw name="Type in main position">
<kw name="Input Text" library="SeleniumLibrary">
<arg>${MAINPOSITIONFIELD}</arg>
<arg>Quarterback</arg>
<doc>Types the given ``text`` into the text field identified by ``locator``.</doc>
<msg timestamp="20230212 15:25:34.357" level="INFO">Typing text 'Quarterback' into text field 'xpath=//input[@name="mainPosition"]'.</msg>
<status status="PASS" starttime="20230212 15:25:34.356" endtime="20230212 15:25:34.467"/>
</kw>
<status status="PASS" starttime="20230212 15:25:34.356" endtime="20230212 15:25:34.467"/>
</kw>
<kw name="Type in achievement">
<kw name="Input Text" library="SeleniumLibrary">
<arg>${ACHIEVEMENTSFIELD}</arg>
<arg>Grammy</arg>
<doc>Types the given ``text`` into the text field identified by ``locator``.</doc>
<msg timestamp="20230212 15:25:34.468" level="INFO">Typing text 'Grammy' into text field 'xpath=//input[@name="achievements"]'.</msg>
<status status="PASS" starttime="20230212 15:25:34.468" endtime="20230212 15:25:34.558"/>
</kw>
<status status="PASS" starttime="20230212 15:25:34.467" endtime="20230212 15:25:34.558"/>
</kw>
<kw name="Type in surname">
<kw name="Input Text" library="SeleniumLibrary">
<arg>${SURNAMEFIELD}</arg>
<arg>Paw</arg>
<doc>Types the given ``text`` into the text field identified by ``locator``.</doc>
<msg timestamp="20230212 15:25:34.560" level="INFO">Typing text 'Paw' into text field 'xpath=//input[@name="surname"]'.</msg>
<status status="PASS" starttime="20230212 15:25:34.559" endtime="20230212 15:25:34.646"/>
</kw>
<status status="PASS" starttime="20230212 15:25:34.559" endtime="20230212 15:25:34.646"/>
</kw>
<kw name="Type in height">
<kw name="Input Text" library="SeleniumLibrary">
<arg>${HEIGHTFIELD}</arg>
<arg>170</arg>
<doc>Types the given ``text`` into the text field identified by ``locator``.</doc>
<msg timestamp="20230212 15:25:34.648" level="INFO">Typing text '170' into text field 'xpath=//input[@name="height"]'.</msg>
<status status="PASS" starttime="20230212 15:25:34.647" endtime="20230212 15:25:34.733"/>
</kw>
<status status="PASS" starttime="20230212 15:25:34.647" endtime="20230212 15:25:34.734"/>
</kw>
<kw name="Type in club">
<kw name="Input Text" library="SeleniumLibrary">
<arg>${CLUBFIELD}</arg>
<arg>Real Madrid</arg>
<doc>Types the given ``text`` into the text field identified by ``locator``.</doc>
<msg timestamp="20230212 15:25:34.735" level="INFO">Typing text 'Real Madrid' into text field 'xpath=//input[@name="club"]'.</msg>
<status status="PASS" starttime="20230212 15:25:34.735" endtime="20230212 15:25:34.842"/>
</kw>
<status status="PASS" starttime="20230212 15:25:34.734" endtime="20230212 15:25:34.842"/>
</kw>
<kw name="Type in second position">
<kw name="Input Text" library="SeleniumLibrary">
<arg>${SECONDPOSITIONFIELD}</arg>
<arg>Goalkeeper</arg>
<doc>Types the given ``text`` into the text field identified by ``locator``.</doc>
<msg timestamp="20230212 15:25:34.843" level="INFO">Typing text 'Goalkeeper' into text field 'xpath=//input[@name="secondPosition"]'.</msg>
<status status="PASS" starttime="20230212 15:25:34.843" endtime="20230212 15:25:34.943"/>
</kw>
<status status="PASS" starttime="20230212 15:25:34.843" endtime="20230212 15:25:34.943"/>
</kw>
<kw name="Type in laczy pilka">
<kw name="Input Text" library="SeleniumLibrary">
<arg>${WEBLACZYFIELD}</arg>
<arg>text</arg>
<doc>Types the given ``text`` into the text field identified by ``locator``.</doc>
<msg timestamp="20230212 15:25:34.944" level="INFO">Typing text 'text' into text field 'xpath=//input[@name="webLaczy"]'.</msg>
<status status="PASS" starttime="20230212 15:25:34.944" endtime="20230212 15:25:35.027"/>
</kw>
<status status="PASS" starttime="20230212 15:25:34.943" endtime="20230212 15:25:35.027"/>
</kw>
<kw name="Type in ninety">
<kw name="Input Text" library="SeleniumLibrary">
<arg>${NINETYFIELD}</arg>
<arg>text</arg>
<doc>Types the given ``text`` into the text field identified by ``locator``.</doc>
<msg timestamp="20230212 15:25:35.028" level="INFO">Typing text 'text' into text field 'xpath=//input[@name="web90"]'.</msg>
<status status="PASS" starttime="20230212 15:25:35.027" endtime="20230212 15:25:35.112"/>
</kw>
<status status="PASS" starttime="20230212 15:25:35.027" endtime="20230212 15:25:35.112"/>
</kw>
<kw name="Type in facebook">
<kw name="Input Text" library="SeleniumLibrary">
<arg>${FACEBOOKFIELD}</arg>
<arg>cat_love.facebook.com</arg>
<doc>Types the given ``text`` into the text field identified by ``locator``.</doc>
<msg timestamp="20230212 15:25:35.113" level="INFO">Typing text 'cat_love.facebook.com' into text field 'xpath=//input[@name="webFB"]'.</msg>
<status status="PASS" starttime="20230212 15:25:35.113" endtime="20230212 15:25:35.233"/>
</kw>
<status status="PASS" starttime="20230212 15:25:35.112" endtime="20230212 15:25:35.233"/>
</kw>
<kw name="Click on the submit button">
<kw name="Click Element" library="SeleniumLibrary">
<arg>${SUBMITADDBUTTON}</arg>
<doc>Click the element identified by ``locator``.</doc>
<msg timestamp="20230212 15:25:35.234" level="INFO">Clicking element 'xpath=//*[@id="__next"]/div[1]/main/div[2]/form/div[3]/button[1]'.</msg>
<status status="PASS" starttime="20230212 15:25:35.234" endtime="20230212 15:25:35.291"/>
</kw>
<status status="PASS" starttime="20230212 15:25:35.233" endtime="20230212 15:25:35.291"/>
</kw>
<kw name="Assert last added player">
<kw name="Wait Until Element Is Visible" library="SeleniumLibrary">
<arg>${EDITPLAYERTITLE}</arg>
<doc>Waits until the element ``locator`` is visible.</doc>
<status status="PASS" starttime="20230212 15:25:35.292" endtime="20230212 15:25:35.523"/>
</kw>
<kw name="Title Should Be" library="SeleniumLibrary">
<arg>Edit player Catt Paw</arg>
<doc>Verifies that the current page title equals ``title``.</doc>
<msg timestamp="20230212 15:25:35.528" level="INFO">Page title is 'Edit player Catt Paw'.</msg>
<status status="PASS" starttime="20230212 15:25:35.523" endtime="20230212 15:25:35.528"/>
</kw>
<kw name="Capture Page Screenshot" library="SeleniumLibrary">
<arg>alert.png</arg>
<doc>Takes a screenshot of the current page and embeds it into a log file.</doc>
<msg timestamp="20230212 15:25:35.672" level="INFO" html="true">&lt;/td&gt;&lt;/tr&gt;&lt;tr&gt;&lt;td colspan="3"&gt;&lt;a href="alert.png"&gt;&lt;img src="alert.png" width="800px"&gt;&lt;/a&gt;</msg>
<status status="PASS" starttime="20230212 15:25:35.528" endtime="20230212 15:25:35.672"/>
</kw>
<status status="PASS" starttime="20230212 15:25:35.291" endtime="20230212 15:25:35.672"/>
</kw>
<kw name="Close Browser" library="SeleniumLibrary" type="TEARDOWN">
<doc>Closes the current browser.</doc>
<status status="PASS" starttime="20230212 15:25:35.672" endtime="20230212 15:25:37.797"/>
</kw>
<status status="PASS" starttime="20230212 15:25:28.094" endtime="20230212 15:25:37.798"/>
</test>
<doc>Suite description #automated tests for scout website</doc>
<status status="PASS" starttime="20230212 15:25:27.904" endtime="20230212 15:25:37.803"/>
</suite>
<suite id="s1-s1-s2" name="Test Clear Add Player Page" source="C:\Users\elnik\Documents\Projects\QA_RobotFramework_DareIT\test_robotframework\test_clear_add_player_page.robot">
<test id="s1-s1-s2-t1" name="Clear add player page" line="37">
<kw name="Open login page">
<kw name="Open Browser" library="SeleniumLibrary">
<arg>${LOGIN URL}</arg>
<arg>${BROWSER}</arg>
<doc>Opens a new browser instance to the optional ``url``.</doc>
<msg timestamp="20230212 15:25:37.830" level="INFO">Opening browser 'Chrome' to base url 'https://scouts-test.futbolkolektyw.pl/en'.</msg>
<status status="PASS" starttime="20230212 15:25:37.829" endtime="20230212 15:25:39.511"/>
</kw>
<kw name="Title Should Be" library="SeleniumLibrary">
<arg>Scouts panel - sign in</arg>
<doc>Verifies that the current page title equals ``title``.</doc>
<msg timestamp="20230212 15:25:39.517" level="INFO">Page title is 'Scouts panel - sign in'.</msg>
<status status="PASS" starttime="20230212 15:25:39.511" endtime="20230212 15:25:39.517"/>
</kw>
<status status="PASS" starttime="20230212 15:25:37.828" endtime="20230212 15:25:39.517"/>
</kw>
<kw name="Type in email">
<kw name="Input Text" library="SeleniumLibrary">
<arg>${EMAILINPUT}</arg>
<arg>user01@getnada.com</arg>
<doc>Types the given ``text`` into the text field identified by ``locator``.</doc>
<msg timestamp="20230212 15:25:39.519" level="INFO">Typing text 'user01@getnada.com' into text field 'xpath=//*[@id='login']'.</msg>
<status status="PASS" starttime="20230212 15:25:39.518" endtime="20230212 15:25:39.646"/>
</kw>
<status status="PASS" starttime="20230212 15:25:39.517" endtime="20230212 15:25:39.646"/>
</kw>
<kw name="Type in password">
<kw name="Input Text" library="SeleniumLibrary">
<arg>${PASSWORDINPUT}</arg>
<arg>Test-1234</arg>
<doc>Types the given ``text`` into the text field identified by ``locator``.</doc>
<msg timestamp="20230212 15:25:39.647" level="INFO">Typing text 'Test-1234' into text field 'xpath=//*[@id='password']'.</msg>
<status status="PASS" starttime="20230212 15:25:39.647" endtime="20230212 15:25:39.741"/>
</kw>
<status status="PASS" starttime="20230212 15:25:39.647" endtime="20230212 15:25:39.742"/>
</kw>
<kw name="Click on the sign in button">
<kw name="Click Element" library="SeleniumLibrary">
<arg>${SIGNINBUTTON}</arg>
<doc>Click the element identified by ``locator``.</doc>
<msg timestamp="20230212 15:25:39.743" level="INFO">Clicking element 'xpath=//*[contains(@class, 'MuiButtonBase-root MuiButton-root')]'.</msg>
<status status="PASS" starttime="20230212 15:25:39.742" endtime="20230212 15:25:39.789"/>
</kw>
<status status="PASS" starttime="20230212 15:25:39.742" endtime="20230212 15:25:39.789"/>
</kw>
<kw name="Assert dashboard">
<kw name="Wait Until Element Is Visible" library="SeleniumLibrary">
<arg>${MAINPAGELOGO}</arg>
<doc>Waits until the element ``locator`` is visible.</doc>
<status status="PASS" starttime="20230212 15:25:39.790" endtime="20230212 15:25:43.415"/>
</kw>
<kw name="Title Should Be" library="SeleniumLibrary">
<arg>Scouts panel</arg>
<doc>Verifies that the current page title equals ``title``.</doc>
<msg timestamp="20230212 15:25:43.420" level="INFO">Page title is 'Scouts panel'.</msg>
<status status="PASS" starttime="20230212 15:25:43.415" endtime="20230212 15:25:43.420"/>
</kw>
<kw name="Capture Page Screenshot" library="SeleniumLibrary">
<arg>alert.png</arg>
<doc>Takes a screenshot of the current page and embeds it into a log file.</doc>
<msg timestamp="20230212 15:25:43.586" level="INFO" html="true">&lt;/td&gt;&lt;/tr&gt;&lt;tr&gt;&lt;td colspan="3"&gt;&lt;a href="alert.png"&gt;&lt;img src="alert.png" width="800px"&gt;&lt;/a&gt;</msg>
<status status="PASS" starttime="20230212 15:25:43.420" endtime="20230212 15:25:43.586"/>
</kw>
<status status="PASS" starttime="20230212 15:25:39.790" endtime="20230212 15:25:43.586"/>
</kw>
<kw name="Click on Add Player button">
<kw name="Click Element" library="SeleniumLibrary">
<arg>${ADDPLAYERSHORTCUT}</arg>
<doc>Click the element identified by ``locator``.</doc>
<msg timestamp="20230212 15:25:43.587" level="INFO">Clicking element 'xpath=//*[@id="__next"]/div[1]/main/div[3]/div[2]/div/div/a/button'.</msg>
<status status="PASS" starttime="20230212 15:25:43.587" endtime="20230212 15:25:43.628"/>
</kw>
<status status="PASS" starttime="20230212 15:25:43.587" endtime="20230212 15:25:43.628"/>
</kw>
<kw name="Assert Add Player">
<kw name="Wait Until Element Is Visible" library="SeleniumLibrary">
<arg>${ADDPLAYERTITLE}</arg>
<doc>Waits until the element ``locator`` is visible.</doc>
<status status="PASS" starttime="20230212 15:25:43.629" endtime="20230212 15:25:43.724"/>
</kw>
<kw name="Title Should Be" library="SeleniumLibrary">
<arg>Add player</arg>
<doc>Verifies that the current page title equals ``title``.</doc>
<msg timestamp="20230212 15:25:43.730" level="INFO">Page title is 'Add player'.</msg>
<status status="PASS" starttime="20230212 15:25:43.725" endtime="20230212 15:25:43.730"/>
</kw>
<kw name="Capture Page Screenshot" library="SeleniumLibrary">
<arg>alert.png</arg>
<doc>Takes a screenshot of the current page and embeds it into a log file.</doc>
<msg timestamp="20230212 15:25:43.854" level="INFO" html="true">&lt;/td&gt;&lt;/tr&gt;&lt;tr&gt;&lt;td colspan="3"&gt;&lt;a href="alert.png"&gt;&lt;img src="alert.png" width="800px"&gt;&lt;/a&gt;</msg>
<status status="PASS" starttime="20230212 15:25:43.730" endtime="20230212 15:25:43.854"/>
</kw>
<status status="PASS" starttime="20230212 15:25:43.629" endtime="20230212 15:25:43.854"/>
</kw>
<kw name="Type in email field">
<kw name="Input Text" library="SeleniumLibrary">
<arg>${EMAILFIELD}</arg>
<arg>cat_lover@gmail.com</arg>
<doc>Types the given ``text`` into the text field identified by ``locator``.</doc>
<msg timestamp="20230212 15:25:43.856" level="INFO">Typing text 'cat_lover@gmail.com' into text field 'xpath=//input[@name="email"]'.</msg>
<status status="PASS" starttime="20230212 15:25:43.855" endtime="20230212 15:25:44.000"/>
</kw>
<status status="PASS" starttime="20230212 15:25:43.855" endtime="20230212 15:25:44.000"/>
</kw>
<kw name="Type in phone">
<kw name="Input Text" library="SeleniumLibrary">
<arg>${PHONEFIELD}</arg>
<arg>+48884404404</arg>
<doc>Types the given ``text`` into the text field identified by ``locator``.</doc>
<msg timestamp="20230212 15:25:44.001" level="INFO">Typing text '+48884404404' into text field 'xpath=//input[@name="phone"]'.</msg>
<status status="PASS" starttime="20230212 15:25:44.001" endtime="20230212 15:25:44.101"/>
</kw>
<status status="PASS" starttime="20230212 15:25:44.001" endtime="20230212 15:25:44.101"/>
</kw>
<kw name="Type in age">
<kw name="Input Text" library="SeleniumLibrary">
<arg>${AGEFIELD}</arg>
<arg>05.02.2023</arg>
<doc>Types the given ``text`` into the text field identified by ``locator``.</doc>
<msg timestamp="20230212 15:25:44.102" level="INFO">Typing text '05.02.2023' into text field 'xpath=//input[@name="age"]'.</msg>
<status status="PASS" starttime="20230212 15:25:44.102" endtime="20230212 15:25:44.184"/>
</kw>
<status status="PASS" starttime="20230212 15:25:44.102" endtime="20230212 15:25:44.184"/>
</kw>
<kw name="Type in level">
<kw name="Input Text" library="SeleniumLibrary">
<arg>${LEVELFIELD}</arg>
<arg>Professional</arg>
<doc>Types the given ``text`` into the text field identified by ``locator``.</doc>
<msg timestamp="20230212 15:25:44.185" level="INFO">Typing text 'Professional' into text field 'xpath=//input[@name="level"]'.</msg>
<status status="PASS" starttime="20230212 15:25:44.185" endtime="20230212 15:25:44.291"/>
</kw>
<status status="PASS" starttime="20230212 15:25:44.184" endtime="20230212 15:25:44.291"/>
</kw>
<kw name="Type in district">
<kw name="Click Element" library="SeleniumLibrary">
<arg>${DISTRICTFIELD}</arg>
<doc>Click the element identified by ``locator``.</doc>
<msg timestamp="20230212 15:25:44.293" level="INFO">Clicking element 'xpath=//*[@id="mui-component-select-district"]'.</msg>
<status status="PASS" starttime="20230212 15:25:44.292" endtime="20230212 15:25:44.359"/>
</kw>
<kw name="Click Element" library="SeleniumLibrary">
<arg>${DISTRICTCHOOSE}</arg>
<doc>Click the element identified by ``locator``.</doc>
<msg timestamp="20230212 15:25:44.360" level="INFO">Clicking element 'xpath=//*[text()="Masovia"]'.</msg>
<status status="PASS" starttime="20230212 15:25:44.359" endtime="20230212 15:25:44.418"/>
</kw>
<status status="PASS" starttime="20230212 15:25:44.292" endtime="20230212 15:25:44.418"/>
</kw>
<kw name="Type in name">
<kw name="Input Text" library="SeleniumLibrary">
<arg>${NAMEFIELD}</arg>
<arg>Catt</arg>
<doc>Types the given ``text`` into the text field identified by ``locator``.</doc>
<msg timestamp="20230212 15:25:44.419" level="INFO">Typing text 'Catt' into text field 'xpath=//input[@name="name"]'.</msg>
<status status="PASS" starttime="20230212 15:25:44.419" endtime="20230212 15:25:44.507"/>
</kw>
<status status="PASS" starttime="20230212 15:25:44.418" endtime="20230212 15:25:44.507"/>
</kw>
<kw name="Type in weight">
<kw name="Input Text" library="SeleniumLibrary">
<arg>${WEIGHTFIELD}</arg>
<arg>70</arg>
<doc>Types the given ``text`` into the text field identified by ``locator``.</doc>
<msg timestamp="20230212 15:25:44.509" level="INFO">Typing text '70' into text field 'xpath=//input[@name="weight"]'.</msg>
<status status="PASS" starttime="20230212 15:25:44.508" endtime="20230212 15:25:44.581"/>
</kw>
<status status="PASS" starttime="20230212 15:25:44.508" endtime="20230212 15:25:44.582"/>
</kw>
<kw name="Type in leg">
<kw name="Click Element" library="SeleniumLibrary">
<arg>${LEGFIELD}</arg>
<doc>Click the element identified by ``locator``.</doc>
<msg timestamp="20230212 15:25:44.583" level="INFO">Clicking element 'xpath=//*[@id="mui-component-select-leg"]'.</msg>
<status status="PASS" starttime="20230212 15:25:44.583" endtime="20230212 15:25:44.828"/>
</kw>
<kw name="Click Element" library="SeleniumLibrary">
<arg>${LEGCHOOSE}</arg>
<doc>Click the element identified by ``locator``.</doc>
<msg timestamp="20230212 15:25:44.829" level="INFO">Clicking element 'xpath=//*[@id="menu-leg"]/div[3]/ul/li[2]'.</msg>
<status status="PASS" starttime="20230212 15:25:44.828" endtime="20230212 15:25:44.880"/>
</kw>
<status status="PASS" starttime="20230212 15:25:44.582" endtime="20230212 15:25:44.881"/>
</kw>
<kw name="Type in main position">
<kw name="Input Text" library="SeleniumLibrary">
<arg>${MAINPOSITIONFIELD}</arg>
<arg>Quarterback</arg>
<doc>Types the given ``text`` into the text field identified by ``locator``.</doc>
<msg timestamp="20230212 15:25:44.882" level="INFO">Typing text 'Quarterback' into text field 'xpath=//input[@name="mainPosition"]'.</msg>
<status status="PASS" starttime="20230212 15:25:44.882" endtime="20230212 15:25:45.001"/>
</kw>
<status status="PASS" starttime="20230212 15:25:44.881" endtime="20230212 15:25:45.002"/>
</kw>
<kw name="Type in achievement">
<kw name="Input Text" library="SeleniumLibrary">
<arg>${ACHIEVEMENTSFIELD}</arg>
<arg>Grammy</arg>
<doc>Types the given ``text`` into the text field identified by ``locator``.</doc>
<msg timestamp="20230212 15:25:45.003" level="INFO">Typing text 'Grammy' into text field 'xpath=//input[@name="achievements"]'.</msg>
<status status="PASS" starttime="20230212 15:25:45.002" endtime="20230212 15:25:45.092"/>
</kw>
<status status="PASS" starttime="20230212 15:25:45.002" endtime="20230212 15:25:45.092"/>
</kw>
<kw name="Type in surname">
<kw name="Input Text" library="SeleniumLibrary">
<arg>${SURNAMEFIELD}</arg>
<arg>Paw</arg>
<doc>Types the given ``text`` into the text field identified by ``locator``.</doc>
<msg timestamp="20230212 15:25:45.093" level="INFO">Typing text 'Paw' into text field 'xpath=//input[@name="surname"]'.</msg>
<status status="PASS" starttime="20230212 15:25:45.093" endtime="20230212 15:25:45.184"/>
</kw>
<status status="PASS" starttime="20230212 15:25:45.092" endtime="20230212 15:25:45.184"/>
</kw>
<kw name="Type in height">
<kw name="Input Text" library="SeleniumLibrary">
<arg>${HEIGHTFIELD}</arg>
<arg>170</arg>
<doc>Types the given ``text`` into the text field identified by ``locator``.</doc>
<msg timestamp="20230212 15:25:45.186" level="INFO">Typing text '170' into text field 'xpath=//input[@name="height"]'.</msg>
<status status="PASS" starttime="20230212 15:25:45.185" endtime="20230212 15:25:45.266"/>
</kw>
<status status="PASS" starttime="20230212 15:25:45.185" endtime="20230212 15:25:45.266"/>
</kw>
<kw name="Type in club">
<kw name="Input Text" library="SeleniumLibrary">
<arg>${CLUBFIELD}</arg>
<arg>Real Madrid</arg>
<doc>Types the given ``text`` into the text field identified by ``locator``.</doc>
<msg timestamp="20230212 15:25:45.267" level="INFO">Typing text 'Real Madrid' into text field 'xpath=//input[@name="club"]'.</msg>
<status status="PASS" starttime="20230212 15:25:45.267" endtime="20230212 15:25:45.373"/>
</kw>
<status status="PASS" starttime="20230212 15:25:45.266" endtime="20230212 15:25:45.373"/>
</kw>
<kw name="Type in second position">
<kw name="Input Text" library="SeleniumLibrary">
<arg>${SECONDPOSITIONFIELD}</arg>
<arg>Goalkeeper</arg>
<doc>Types the given ``text`` into the text field identified by ``locator``.</doc>
<msg timestamp="20230212 15:25:45.374" level="INFO">Typing text 'Goalkeeper' into text field 'xpath=//input[@name="secondPosition"]'.</msg>
<status status="PASS" starttime="20230212 15:25:45.374" endtime="20230212 15:25:45.473"/>
</kw>
<status status="PASS" starttime="20230212 15:25:45.373" endtime="20230212 15:25:45.473"/>
</kw>
<kw name="Type in laczy pilka">
<kw name="Input Text" library="SeleniumLibrary">
<arg>${WEBLACZYFIELD}</arg>
<arg>text</arg>
<doc>Types the given ``text`` into the text field identified by ``locator``.</doc>
<msg timestamp="20230212 15:25:45.474" level="INFO">Typing text 'text' into text field 'xpath=//input[@name="webLaczy"]'.</msg>
<status status="PASS" starttime="20230212 15:25:45.473" endtime="20230212 15:25:45.554"/>
</kw>
<status status="PASS" starttime="20230212 15:25:45.473" endtime="20230212 15:25:45.554"/>
</kw>
<kw name="Type in ninety">
<kw name="Input Text" library="SeleniumLibrary">
<arg>${NINETYFIELD}</arg>
<arg>text</arg>
<doc>Types the given ``text`` into the text field identified by ``locator``.</doc>
<msg timestamp="20230212 15:25:45.555" level="INFO">Typing text 'text' into text field 'xpath=//input[@name="web90"]'.</msg>
<status status="PASS" starttime="20230212 15:25:45.555" endtime="20230212 15:25:45.636"/>
</kw>
<status status="PASS" starttime="20230212 15:25:45.555" endtime="20230212 15:25:45.636"/>
</kw>
<kw name="Type in facebook">
<kw name="Input Text" library="SeleniumLibrary">
<arg>${FACEBOOKFIELD}</arg>
<arg>cat_love.facebook.com</arg>
<doc>Types the given ``text`` into the text field identified by ``locator``.</doc>
<msg timestamp="20230212 15:25:45.638" level="INFO">Typing text 'cat_love.facebook.com' into text field 'xpath=//input[@name="webFB"]'.</msg>
<status status="PASS" starttime="20230212 15:25:45.637" endtime="20230212 15:25:45.761"/>
</kw>
<status status="PASS" starttime="20230212 15:25:45.637" endtime="20230212 15:25:45.761"/>
</kw>
<kw name="Click on the clear button">
<kw name="Click Element" library="SeleniumLibrary">
<arg>${CLEARBUTTON}</arg>
<doc>Click the element identified by ``locator``.</doc>
<msg timestamp="20230212 15:25:45.762" level="INFO">Clicking element 'xpath=//*[@id="__next"]/div[1]/main/div[2]/form/div[3]/button[2]'.</msg>
<status status="PASS" starttime="20230212 15:25:45.762" endtime="20230212 15:25:45.826"/>
</kw>
<status status="PASS" starttime="20230212 15:25:45.761" endtime="20230212 15:25:45.826"/>
</kw>
<kw name="Assert clear add player fields">
<kw name="Element Text Should Be" library="SeleniumLibrary">
<arg>${NAMEFIELD}</arg>
<arg>${CLEAREDFIELD}</arg>
<doc>Verifies that element ``locator`` contains exact the text ``expected``.</doc>
<msg timestamp="20230212 15:25:45.828" level="INFO">Verifying element 'xpath=//input[@name="name"]' contains exact text ''.</msg>
<status status="PASS" starttime="20230212 15:25:45.828" endtime="20230212 15:25:45.854"/>
</kw>
<kw name="Capture Page Screenshot" library="SeleniumLibrary">
<arg>alert.png</arg>
<doc>Takes a screenshot of the current page and embeds it into a log file.</doc>
<msg timestamp="20230212 15:25:46.002" level="INFO" html="true">&lt;/td&gt;&lt;/tr&gt;&lt;tr&gt;&lt;td colspan="3"&gt;&lt;a href="alert.png"&gt;&lt;img src="alert.png" width="800px"&gt;&lt;/a&gt;</msg>
<status status="PASS" starttime="20230212 15:25:45.854" endtime="20230212 15:25:46.002"/>
</kw>
<status status="PASS" starttime="20230212 15:25:45.827" endtime="20230212 15:25:46.002"/>
</kw>
<kw name="Close Browser" library="SeleniumLibrary" type="TEARDOWN">
<doc>Closes the current browser.</doc>
<status status="PASS" starttime="20230212 15:25:46.003" endtime="20230212 15:25:48.133"/>
</kw>
<status status="PASS" starttime="20230212 15:25:37.827" endtime="20230212 15:25:48.134"/>
</test>
<doc>Suite description #automated tests for scout website</doc>
<status status="PASS" starttime="20230212 15:25:37.811" endtime="20230212 15:25:48.136"/>
</suite>
<suite id="s1-s1-s3" name="Test Invalid Login" source="C:\Users\elnik\Documents\Projects\QA_RobotFramework_DareIT\test_robotframework\test_invalid_login.robot">
<test id="s1-s1-s3-t1" name="Invalid login to the system" line="15">
<kw name="Open login page">
<kw name="Open Browser" library="SeleniumLibrary">
<arg>${LOGIN URL}</arg>
<arg>${BROWSER}</arg>
<doc>Opens a new browser instance to the optional ``url``.</doc>
<msg timestamp="20230212 15:25:48.147" level="INFO">Opening browser 'Chrome' to base url 'https://scouts-test.futbolkolektyw.pl/en'.</msg>
<status status="PASS" starttime="20230212 15:25:48.147" endtime="20230212 15:25:49.756"/>
</kw>
<kw name="Title Should Be" library="SeleniumLibrary">
<arg>Scouts panel - sign in</arg>
<doc>Verifies that the current page title equals ``title``.</doc>
<msg timestamp="20230212 15:25:49.762" level="INFO">Page title is 'Scouts panel - sign in'.</msg>
<status status="PASS" starttime="20230212 15:25:49.756" endtime="20230212 15:25:49.762"/>
</kw>
<status status="PASS" starttime="20230212 15:25:48.147" endtime="20230212 15:25:49.762"/>
</kw>
<kw name="Type in email">
<kw name="Input Text" library="SeleniumLibrary">
<arg>${EMAILINPUT}</arg>
<arg>user01getnada.com</arg>
<doc>Types the given ``text`` into the text field identified by ``locator``.</doc>
<msg timestamp="20230212 15:25:49.763" level="INFO">Typing text 'user01getnada.com' into text field 'xpath=//*[@id='login']'.</msg>
<status status="PASS" starttime="20230212 15:25:49.763" endtime="20230212 15:25:49.892"/>
</kw>
<status status="PASS" starttime="20230212 15:25:49.763" endtime="20230212 15:25:49.892"/>
</kw>
<kw name="Type in password">
<kw name="Input Text" library="SeleniumLibrary">
<arg>${PASSWORDINPUT}</arg>
<arg>Test-134</arg>
<doc>Types the given ``text`` into the text field identified by ``locator``.</doc>
<msg timestamp="20230212 15:25:49.893" level="INFO">Typing text 'Test-134' into text field 'xpath=//*[@id='password']'.</msg>
<status status="PASS" starttime="20230212 15:25:49.892" endtime="20230212 15:25:49.989"/>
</kw>
<status status="PASS" starttime="20230212 15:25:49.892" endtime="20230212 15:25:49.989"/>
</kw>
<kw name="Click on the sign in button">
<kw name="Click Element" library="SeleniumLibrary">
<arg>${SIGNINBUTTON}</arg>
<doc>Click the element identified by ``locator``.</doc>
<msg timestamp="20230212 15:25:49.990" level="INFO">Clicking element 'xpath=//*[contains(@class, 'MuiButtonBase-root MuiButton-root')]'.</msg>
<status status="PASS" starttime="20230212 15:25:49.990" endtime="20230212 15:25:50.038"/>
</kw>
<status status="PASS" starttime="20230212 15:25:49.990" endtime="20230212 15:25:50.038"/>
</kw>
<kw name="Assert invalid login message">
<kw name="Wait Until Element Is Visible" library="SeleniumLibrary">
<arg>${INVALIDPASSWORD}</arg>
<doc>Waits until the element ``locator`` is visible.</doc>
<status status="PASS" starttime="20230212 15:25:50.039" endtime="20230212 15:25:50.276"/>
</kw>
<kw name="Element Text Should Be" library="SeleniumLibrary">
<arg>${INVALIDPASSWORD}</arg>
<arg>Identifier or password invalid.</arg>
<doc>Verifies that element ``locator`` contains exact the text ``expected``.</doc>
<msg timestamp="20230212 15:25:50.277" level="INFO">Verifying element 'xpath=//*[@id='__next']/form/div/div[1]/div[3]/span' contains exact text 'Identifier or password invalid.'.</msg>
<status status="PASS" starttime="20230212 15:25:50.277" endtime="20230212 15:25:50.299"/>
</kw>
<kw name="Capture Page Screenshot" library="SeleniumLibrary">
<arg>alert.png</arg>
<doc>Takes a screenshot of the current page and embeds it into a log file.</doc>
<msg timestamp="20230212 15:25:50.438" level="INFO" html="true">&lt;/td&gt;&lt;/tr&gt;&lt;tr&gt;&lt;td colspan="3"&gt;&lt;a href="alert.png"&gt;&lt;img src="alert.png" width="800px"&gt;&lt;/a&gt;</msg>
<status status="PASS" starttime="20230212 15:25:50.299" endtime="20230212 15:25:50.438"/>
</kw>
<status status="PASS" starttime="20230212 15:25:50.039" endtime="20230212 15:25:50.438"/>
</kw>
<kw name="Close Browser" library="SeleniumLibrary" type="TEARDOWN">
<doc>Closes the current browser.</doc>
<status status="PASS" starttime="20230212 15:25:50.439" endtime="20230212 15:25:52.562"/>
</kw>
<status status="PASS" starttime="20230212 15:25:48.146" endtime="20230212 15:25:52.564"/>
</test>
<doc>Suite description #automated tests for scout website</doc>
<status status="PASS" starttime="20230212 15:25:48.139" endtime="20230212 15:25:52.567"/>
</suite>
<suite id="s1-s1-s4" name="Test Language Change" source="C:\Users\elnik\Documents\Projects\QA_RobotFramework_DareIT\test_robotframework\test_language_change.robot">
<test id="s1-s1-s4-t1" name="Language change" line="15">
<kw name="Open login page">
<kw name="Open Browser" library="SeleniumLibrary">
<arg>${LOGIN URL}</arg>
<arg>${BROWSER}</arg>
<doc>Opens a new browser instance to the optional ``url``.</doc>
<msg timestamp="20230212 15:25:52.594" level="INFO">Opening browser 'Chrome' to base url 'https://scouts-test.futbolkolektyw.pl/en'.</msg>
<status status="PASS" starttime="20230212 15:25:52.593" endtime="20230212 15:25:54.435"/>
</kw>
<kw name="Title Should Be" library="SeleniumLibrary">
<arg>Scouts panel - sign in</arg>
<doc>Verifies that the current page title equals ``title``.</doc>
<msg timestamp="20230212 15:25:54.441" level="INFO">Page title is 'Scouts panel - sign in'.</msg>
<status status="PASS" starttime="20230212 15:25:54.435" endtime="20230212 15:25:54.441"/>
</kw>
<status status="PASS" starttime="20230212 15:25:52.591" endtime="20230212 15:25:54.442"/>
</kw>
<kw name="Type in email">
<kw name="Input Text" library="SeleniumLibrary">
<arg>${EMAILINPUT}</arg>
<arg>user01@getnada.com</arg>
<doc>Types the given ``text`` into the text field identified by ``locator``.</doc>
<msg timestamp="20230212 15:25:54.443" level="INFO">Typing text 'user01@getnada.com' into text field 'xpath=//*[@id='login']'.</msg>
<status status="PASS" starttime="20230212 15:25:54.442" endtime="20230212 15:25:54.601"/>
</kw>
<status status="PASS" starttime="20230212 15:25:54.442" endtime="20230212 15:25:54.601"/>
</kw>
<kw name="Type in password">
<kw name="Input Text" library="SeleniumLibrary">
<arg>${PASSWORDINPUT}</arg>
<arg>Test-1234</arg>
<doc>Types the given ``text`` into the text field identified by ``locator``.</doc>
<msg timestamp="20230212 15:25:54.602" level="INFO">Typing text 'Test-1234' into text field 'xpath=//*[@id='password']'.</msg>
<status status="PASS" starttime="20230212 15:25:54.602" endtime="20230212 15:25:54.756"/>
</kw>
<status status="PASS" starttime="20230212 15:25:54.601" endtime="20230212 15:25:54.756"/>
</kw>
<kw name="Click on the sign in button">
<kw name="Click Element" library="SeleniumLibrary">
<arg>${SIGNINBUTTON}</arg>
<doc>Click the element identified by ``locator``.</doc>
<msg timestamp="20230212 15:25:54.758" level="INFO">Clicking element 'xpath=//*[contains(@class, 'MuiButtonBase-root MuiButton-root')]'.</msg>
<status status="PASS" starttime="20230212 15:25:54.757" endtime="20230212 15:25:54.830"/>
</kw>
<status status="PASS" starttime="20230212 15:25:54.757" endtime="20230212 15:25:54.831"/>
</kw>
<kw name="Assert dashboard">
<kw name="Wait Until Element Is Visible" library="SeleniumLibrary">
<arg>${PAGELOGO}</arg>
<doc>Waits until the element ``locator`` is visible.</doc>
<status status="PASS" starttime="20230212 15:25:54.831" endtime="20230212 15:25:57.269"/>
</kw>
<kw name="Title Should Be" library="SeleniumLibrary">
<arg>Scouts panel</arg>
<doc>Verifies that the current page title equals ``title``.</doc>
<msg timestamp="20230212 15:25:57.275" level="INFO">Page title is 'Scouts panel'.</msg>
<status status="PASS" starttime="20230212 15:25:57.269" endtime="20230212 15:25:57.275"/>
</kw>
<kw name="Capture Page Screenshot" library="SeleniumLibrary">
<arg>alert.png</arg>
<doc>Takes a screenshot of the current page and embeds it into a log file.</doc>
<msg timestamp="20230212 15:25:57.415" level="INFO" html="true">&lt;/td&gt;&lt;/tr&gt;&lt;tr&gt;&lt;td colspan="3"&gt;&lt;a href="alert.png"&gt;&lt;img src="alert.png" width="800px"&gt;&lt;/a&gt;</msg>
<status status="PASS" starttime="20230212 15:25:57.275" endtime="20230212 15:25:57.415"/>
</kw>
<status status="PASS" starttime="20230212 15:25:54.831" endtime="20230212 15:25:57.415"/>
</kw>
<kw name="Click on the language button">
<kw name="Click Element" library="SeleniumLibrary">
<arg>${LANGUAGEBUTTON}</arg>
<doc>Click the element identified by ``locator``.</doc>
<msg timestamp="20230212 15:25:57.416" level="INFO">Clicking element 'xpath=//*[@id="__next"]/div[1]/div/div/div/ul[2]/div[1]'.</msg>
<status status="PASS" starttime="20230212 15:25:57.416" endtime="20230212 15:25:57.482"/>
</kw>
<status status="PASS" starttime="20230212 15:25:57.415" endtime="20230212 15:25:57.482"/>
</kw>
<kw name="Assert language">
<kw name="Element Text Should Be" library="SeleniumLibrary">
<arg>${LANGUAGEBUTTON}</arg>
<arg>English</arg>
<doc>Verifies that element ``locator`` contains exact the text ``expected``.</doc>
<msg timestamp="20230212 15:25:57.483" level="INFO">Verifying element 'xpath=//*[@id="__next"]/div[1]/div/div/div/ul[2]/div[1]' contains exact text 'English'.</msg>
<status status="PASS" starttime="20230212 15:25:57.483" endtime="20230212 15:25:57.505"/>
</kw>
<kw name="Capture Page Screenshot" library="SeleniumLibrary">
<arg>alert.png</arg>
<doc>Takes a screenshot of the current page and embeds it into a log file.</doc>
<msg timestamp="20230212 15:25:57.630" level="INFO" html="true">&lt;/td&gt;&lt;/tr&gt;&lt;tr&gt;&lt;td colspan="3"&gt;&lt;a href="alert.png"&gt;&lt;img src="alert.png" width="800px"&gt;&lt;/a&gt;</msg>
<status status="PASS" starttime="20230212 15:25:57.505" endtime="20230212 15:25:57.630"/>
</kw>
<status status="PASS" starttime="20230212 15:25:57.483" endtime="20230212 15:25:57.630"/>
</kw>
<kw name="Close Browser" library="SeleniumLibrary" type="TEARDOWN">
<doc>Closes the current browser.</doc>
<status status="PASS" starttime="20230212 15:25:57.630" endtime="20230212 15:25:59.749"/>
</kw>
<status status="PASS" starttime="20230212 15:25:52.589" endtime="20230212 15:25:59.750"/>
</test>
<doc>Suite description #automated tests for scout website</doc>
<status status="PASS" starttime="20230212 15:25:52.574" endtime="20230212 15:25:59.755"/>
</suite>
<suite id="s1-s1-s5" name="Test Login To The System" source="C:\Users\elnik\Documents\Projects\QA_RobotFramework_DareIT\test_robotframework\test_login_to_the_system.robot">
<test id="s1-s1-s5-t1" name="Login to the system" line="14">
<kw name="Open login page">
<kw name="Open Browser" library="SeleniumLibrary">
<arg>${LOGIN URL}</arg>
<arg>${BROWSER}</arg>
<doc>Opens a new browser instance to the optional ``url``.</doc>
<msg timestamp="20230212 15:25:59.782" level="INFO">Opening browser 'Chrome' to base url 'https://scouts-test.futbolkolektyw.pl/en'.</msg>
<status status="PASS" starttime="20230212 15:25:59.780" endtime="20230212 15:26:02.366"/>
</kw>
<kw name="Title Should Be" library="SeleniumLibrary">
<arg>Scouts panel - sign in</arg>
<doc>Verifies that the current page title equals ``title``.</doc>
<msg timestamp="20230212 15:26:02.372" level="INFO">Page title is 'Scouts panel - sign in'.</msg>
<status status="PASS" starttime="20230212 15:26:02.366" endtime="20230212 15:26:02.372"/>
</kw>
<status status="PASS" starttime="20230212 15:25:59.779" endtime="20230212 15:26:02.372"/>
</kw>
<kw name="Type in email">
<kw name="Input Text" library="SeleniumLibrary">
<arg>${EMAILINPUT}</arg>
<arg>user01@getnada.com</arg>
<doc>Types the given ``text`` into the text field identified by ``locator``.</doc>
<msg timestamp="20230212 15:26:02.374" level="INFO">Typing text 'user01@getnada.com' into text field 'xpath=//*[@id='login']'.</msg>
<status status="PASS" starttime="20230212 15:26:02.373" endtime="20230212 15:26:02.503"/>
</kw>
<status status="PASS" starttime="20230212 15:26:02.373" endtime="20230212 15:26:02.503"/>
</kw>
<kw name="Type in password">
<kw name="Input Text" library="SeleniumLibrary">
<arg>${PASSWORDINPUT}</arg>
<arg>Test-1234</arg>
<doc>Types the given ``text`` into the text field identified by ``locator``.</doc>
<msg timestamp="20230212 15:26:02.504" level="INFO">Typing text 'Test-1234' into text field 'xpath=//*[@id='password']'.</msg>
<status status="PASS" starttime="20230212 15:26:02.504" endtime="20230212 15:26:02.602"/>
</kw>
<status status="PASS" starttime="20230212 15:26:02.503" endtime="20230212 15:26:02.602"/>
</kw>
<kw name="Click on the sign in button">
<kw name="Click Element" library="SeleniumLibrary">
<arg>${SIGNINBUTTON}</arg>
<doc>Click the element identified by ``locator``.</doc>
<msg timestamp="20230212 15:26:02.603" level="INFO">Clicking element 'xpath=//*[contains(@class, 'MuiButtonBase-root MuiButton-root')]'.</msg>
<status status="PASS" starttime="20230212 15:26:02.603" endtime="20230212 15:26:02.647"/>
</kw>
<status status="PASS" starttime="20230212 15:26:02.603" endtime="20230212 15:26:02.648"/>
</kw>
<kw name="Assert dashboard">
<kw name="Wait Until Element Is Visible" library="SeleniumLibrary">
<arg>${PAGELOGO}</arg>
<doc>Waits until the element ``locator`` is visible.</doc>
<status status="PASS" starttime="20230212 15:26:02.649" endtime="20230212 15:26:04.444"/>
</kw>
<kw name="Title Should Be" library="SeleniumLibrary">
<arg>Scouts panel</arg>
<doc>Verifies that the current page title equals ``title``.</doc>
<msg timestamp="20230212 15:26:04.449" level="INFO">Page title is 'Scouts panel'.</msg>
<status status="PASS" starttime="20230212 15:26:04.444" endtime="20230212 15:26:04.449"/>
</kw>
<kw name="Capture Page Screenshot" library="SeleniumLibrary">
<arg>alert.png</arg>
<doc>Takes a screenshot of the current page and embeds it into a log file.</doc>
<msg timestamp="20230212 15:26:04.569" level="INFO" html="true">&lt;/td&gt;&lt;/tr&gt;&lt;tr&gt;&lt;td colspan="3"&gt;&lt;a href="alert.png"&gt;&lt;img src="alert.png" width="800px"&gt;&lt;/a&gt;</msg>
<status status="PASS" starttime="20230212 15:26:04.449" endtime="20230212 15:26:04.569"/>
</kw>
<status status="PASS" starttime="20230212 15:26:02.649" endtime="20230212 15:26:04.569"/>
</kw>
<kw name="Close Browser" library="SeleniumLibrary" type="TEARDOWN">
<doc>Closes the current browser.</doc>
<status status="PASS" starttime="20230212 15:26:04.570" endtime="20230212 15:26:06.695"/>
</kw>
<status status="PASS" starttime="20230212 15:25:59.777" endtime="20230212 15:26:06.696"/>
</test>
<doc>Suite description #automated tests for scout website</doc>
<status status="PASS" starttime="20230212 15:25:59.762" endtime="20230212 15:26:06.697"/>
</suite>
<suite id="s1-s1-s6" name="Test Sign Out" source="C:\Users\elnik\Documents\Projects\QA_RobotFramework_DareIT\test_robotframework\test_sign_out.robot">
<test id="s1-s1-s6-t1" name="Sign out of the system" line="15">
<kw name="Open login page">
<kw name="Open Browser" library="SeleniumLibrary">
<arg>${LOGIN URL}</arg>
<arg>${BROWSER}</arg>
<doc>Opens a new browser instance to the optional ``url``.</doc>
<msg timestamp="20230212 15:26:06.703" level="INFO">Opening browser 'Chrome' to base url 'https://scouts-test.futbolkolektyw.pl/en'.</msg>
<status status="PASS" starttime="20230212 15:26:06.703" endtime="20230212 15:26:08.403"/>
</kw>
<kw name="Title Should Be" library="SeleniumLibrary">
<arg>Scouts panel - sign in</arg>
<doc>Verifies that the current page title equals ``title``.</doc>
<msg timestamp="20230212 15:26:08.410" level="INFO">Page title is 'Scouts panel - sign in'.</msg>
<status status="PASS" starttime="20230212 15:26:08.403" endtime="20230212 15:26:08.410"/>
</kw>
<status status="PASS" starttime="20230212 15:26:06.703" endtime="20230212 15:26:08.410"/>
</kw>
<kw name="Type in email">
<kw name="Input Text" library="SeleniumLibrary">
<arg>${EMAILINPUT}</arg>
<arg>user01@getnada.com</arg>
<doc>Types the given ``text`` into the text field identified by ``locator``.</doc>
<msg timestamp="20230212 15:26:08.412" level="INFO">Typing text 'user01@getnada.com' into text field 'xpath=//*[@id='login']'.</msg>
<status status="PASS" starttime="20230212 15:26:08.411" endtime="20230212 15:26:08.543"/>
</kw>
<status status="PASS" starttime="20230212 15:26:08.410" endtime="20230212 15:26:08.543"/>
</kw>
<kw name="Type in password">
<kw name="Input Text" library="SeleniumLibrary">
<arg>${PASSWORDINPUT}</arg>
<arg>Test-1234</arg>
<doc>Types the given ``text`` into the text field identified by ``locator``.</doc>
<msg timestamp="20230212 15:26:08.545" level="INFO">Typing text 'Test-1234' into text field 'xpath=//*[@id='password']'.</msg>
<status status="PASS" starttime="20230212 15:26:08.544" endtime="20230212 15:26:08.640"/>
</kw>
<status status="PASS" starttime="20230212 15:26:08.544" endtime="20230212 15:26:08.640"/>
</kw>
<kw name="Click on the sign in button">
<kw name="Click Element" library="SeleniumLibrary">
<arg>${SIGNINBUTTON}</arg>
<doc>Click the element identified by ``locator``.</doc>
<msg timestamp="20230212 15:26:08.641" level="INFO">Clicking element 'xpath=//*[contains(@class, 'MuiButtonBase-root MuiButton-root')]'.</msg>
<status status="PASS" starttime="20230212 15:26:08.641" endtime="20230212 15:26:08.685"/>
</kw>
<status status="PASS" starttime="20230212 15:26:08.640" endtime="20230212 15:26:08.685"/>
</kw>
<kw name="Assert dashboard">
<kw name="Wait Until Element Is Visible" library="SeleniumLibrary">
<arg>${PAGELOGO}</arg>
<doc>Waits until the element ``locator`` is visible.</doc>
<status status="PASS" starttime="20230212 15:26:08.685" endtime="20230212 15:26:12.506"/>
</kw>
<kw name="Title Should Be" library="SeleniumLibrary">
<arg>Scouts panel</arg>
<doc>Verifies that the current page title equals ``title``.</doc>
<msg timestamp="20230212 15:26:12.511" level="INFO">Page title is 'Scouts panel'.</msg>
<status status="PASS" starttime="20230212 15:26:12.506" endtime="20230212 15:26:12.511"/>
</kw>
<status status="PASS" starttime="20230212 15:26:08.685" endtime="20230212 15:26:12.511"/>
</kw>
<kw name="Click Sign out">
<kw name="Click Element" library="SeleniumLibrary">
<arg>${SIGNOUTBUTTON}</arg>
<doc>Click the element identified by ``locator``.</doc>
<msg timestamp="20230212 15:26:12.512" level="INFO">Clicking element 'xpath=//*[@id="__next"]/div[1]/div/div/div/ul[2]/div[2]'.</msg>
<status status="PASS" starttime="20230212 15:26:12.512" endtime="20230212 15:26:12.564"/>
</kw>
<status status="PASS" starttime="20230212 15:26:12.511" endtime="20230212 15:26:12.564"/>
</kw>
<kw name="Assert login page title">
<kw name="Wait Until Element Is Visible" library="SeleniumLibrary">
<arg>${SIGNINBUTTON}</arg>
<doc>Waits until the element ``locator`` is visible.</doc>
<status status="PASS" starttime="20230212 15:26:12.565" endtime="20230212 15:26:12.586"/>
</kw>
<kw name="Title Should Be" library="SeleniumLibrary">
<arg>Scouts panel - sign in</arg>
<doc>Verifies that the current page title equals ``title``.</doc>
<msg timestamp="20230212 15:26:12.592" level="INFO">Page title is 'Scouts panel - sign in'.</msg>
<status status="PASS" starttime="20230212 15:26:12.587" endtime="20230212 15:26:12.592"/>
</kw>
<kw name="Capture Page Screenshot" library="SeleniumLibrary">
<arg>alert.png</arg>
<doc>Takes a screenshot of the current page and embeds it into a log file.</doc>
<msg timestamp="20230212 15:26:12.698" level="INFO" html="true">&lt;/td&gt;&lt;/tr&gt;&lt;tr&gt;&lt;td colspan="3"&gt;&lt;a href="alert.png"&gt;&lt;img src="alert.png" width="800px"&gt;&lt;/a&gt;</msg>
<status status="PASS" starttime="20230212 15:26:12.592" endtime="20230212 15:26:12.698"/>
</kw>
<status status="PASS" starttime="20230212 15:26:12.565" endtime="20230212 15:26:12.698"/>
</kw>
<kw name="Close Browser" library="SeleniumLibrary" type="TEARDOWN">
<doc>Closes the current browser.</doc>
<status status="PASS" starttime="20230212 15:26:12.699" endtime="20230212 15:26:15.678"/>
</kw>
<status status="PASS" starttime="20230212 15:26:06.702" endtime="20230212 15:26:15.679"/>
</test>
<doc>Suite description #automated tests for scout website</doc>
<status status="PASS" starttime="20230212 15:26:06.699" endtime="20230212 15:26:15.681"/>
</suite>
<status status="PASS" starttime="20230212 15:25:27.902" endtime="20230212 15:26:15.685"/>
</suite>
<status status="PASS" starttime="20230212 15:25:27.882" endtime="20230212 15:26:15.691"/>
</suite>
<statistics>
<total>
<stat pass="6" fail="0" skip="0">All Tests</stat>
</total>
<tag>
</tag>
<suite>
<stat pass="6" fail="0" skip="0" id="s1" name="QA RobotFramework DareIT">QA RobotFramework DareIT</stat>
<stat pass="6" fail="0" skip="0" id="s1-s1" name="Test Robotframework">QA RobotFramework DareIT.Test Robotframework</stat>
<stat pass="1" fail="0" skip="0" id="s1-s1-s1" name="Test Add Player">QA RobotFramework DareIT.Test Robotframework.Test Add Player</stat>
<stat pass="1" fail="0" skip="0" id="s1-s1-s2" name="Test Clear Add Player Page">QA RobotFramework DareIT.Test Robotframework.Test Clear Add Player Page</stat>
<stat pass="1" fail="0" skip="0" id="s1-s1-s3" name="Test Invalid Login">QA RobotFramework DareIT.Test Robotframework.Test Invalid Login</stat>
<stat pass="1" fail="0" skip="0" id="s1-s1-s4" name="Test Language Change">QA RobotFramework DareIT.Test Robotframework.Test Language Change</stat>
<stat pass="1" fail="0" skip="0" id="s1-s1-s5" name="Test Login To The System">QA RobotFramework DareIT.Test Robotframework.Test Login To The System</stat>
<stat pass="1" fail="0" skip="0" id="s1-s1-s6" name="Test Sign Out">QA RobotFramework DareIT.Test Robotframework.Test Sign Out</stat>
</suite>
</statistics>
<errors>
</errors>
</robot>
